mode: set
boscoin.io/sebak/lib/common/router.go:9.67,10.24 1 0
boscoin.io/sebak/lib/common/router.go:16.2,16.13 1 0
boscoin.io/sebak/lib/common/router.go:10.24,11.57 1 0
boscoin.io/sebak/lib/common/router.go:11.57,13.4 1 0
boscoin.io/sebak/lib/storage/leveldb.go:32.43,33.16 1 1
boscoin.io/sebak/lib/storage/leveldb.go:37.2,40.3 1 0
boscoin.io/sebak/lib/storage/leveldb.go:33.16,35.3 1 1
boscoin.io/sebak/lib/storage/leveldb.go:43.60,46.29 2 1
boscoin.io/sebak/lib/storage/leveldb.go:59.2,62.8 3 1
boscoin.io/sebak/lib/storage/leveldb.go:46.29,47.63 1 1
boscoin.io/sebak/lib/storage/leveldb.go:47.63,50.4 2 0
boscoin.io/sebak/lib/storage/leveldb.go:51.8,51.38 1 0
boscoin.io/sebak/lib/storage/leveldb.go:51.38,53.51 2 0
boscoin.io/sebak/lib/storage/leveldb.go:53.51,56.4 2 0
boscoin.io/sebak/lib/storage/leveldb.go:65.41,67.2 1 1
boscoin.io/sebak/lib/storage/leveldb.go:69.70,71.8 2 1
boscoin.io/sebak/lib/storage/leveldb.go:75.2,76.16 2 1
boscoin.io/sebak/lib/storage/leveldb.go:81.2,84.8 1 1
boscoin.io/sebak/lib/storage/leveldb.go:71.8,73.3 1 0
boscoin.io/sebak/lib/storage/leveldb.go:76.16,79.3 2 0
boscoin.io/sebak/lib/storage/leveldb.go:87.43,89.9 2 0
boscoin.io/sebak/lib/storage/leveldb.go:93.2,94.12 2 0
boscoin.io/sebak/lib/storage/leveldb.go:89.9,91.3 1 0
boscoin.io/sebak/lib/storage/leveldb.go:97.42,99.9 2 1
boscoin.io/sebak/lib/storage/leveldb.go:103.2,103.41 1 1
boscoin.io/sebak/lib/storage/leveldb.go:99.9,101.3 1 0
boscoin.io/sebak/lib/storage/leveldb.go:106.54,108.2 1 1
boscoin.io/sebak/lib/storage/leveldb.go:110.55,112.16 2 1
boscoin.io/sebak/lib/storage/leveldb.go:119.2,119.16 1 1
boscoin.io/sebak/lib/storage/leveldb.go:112.16,113.33 1 0
boscoin.io/sebak/lib/storage/leveldb.go:116.3,116.41 1 0
boscoin.io/sebak/lib/storage/leveldb.go:113.33,115.4 1 0
boscoin.io/sebak/lib/storage/leveldb.go:122.66,124.52 2 1
boscoin.io/sebak/lib/storage/leveldb.go:131.2,134.8 3 1
boscoin.io/sebak/lib/storage/leveldb.go:124.52,125.14 1 1
boscoin.io/sebak/lib/storage/leveldb.go:128.3,128.9 1 1
boscoin.io/sebak/lib/storage/leveldb.go:125.14,127.4 1 1
boscoin.io/sebak/lib/storage/leveldb.go:137.68,139.39 2 1
boscoin.io/sebak/lib/storage/leveldb.go:143.2,143.45 1 1
boscoin.io/sebak/lib/storage/leveldb.go:148.2,148.8 1 1
boscoin.io/sebak/lib/storage/leveldb.go:139.39,141.3 1 1
boscoin.io/sebak/lib/storage/leveldb.go:143.45,146.3 2 0
boscoin.io/sebak/lib/storage/leveldb.go:151.68,154.8 3 1
boscoin.io/sebak/lib/storage/leveldb.go:159.2,159.16 1 1
boscoin.io/sebak/lib/storage/leveldb.go:164.2,165.51 2 1
boscoin.io/sebak/lib/storage/leveldb.go:173.2,175.8 2 1
boscoin.io/sebak/lib/storage/leveldb.go:154.8,156.3 1 1
boscoin.io/sebak/lib/storage/leveldb.go:156.8,158.3 1 1
boscoin.io/sebak/lib/storage/leveldb.go:159.16,162.3 2 0
boscoin.io/sebak/lib/storage/leveldb.go:165.51,166.13 1 0
boscoin.io/sebak/lib/storage/leveldb.go:170.3,170.9 1 0
boscoin.io/sebak/lib/storage/leveldb.go:166.13,169.4 2 0
boscoin.io/sebak/lib/storage/leveldb.go:178.56,179.17 1 0
boscoin.io/sebak/lib/storage/leveldb.go:184.2,185.23 2 0
boscoin.io/sebak/lib/storage/leveldb.go:194.2,195.23 2 0
boscoin.io/sebak/lib/storage/leveldb.go:205.2,207.8 2 0
boscoin.io/sebak/lib/storage/leveldb.go:179.17,182.3 2 0
boscoin.io/sebak/lib/storage/leveldb.go:185.23,186.56 1 0
boscoin.io/sebak/lib/storage/leveldb.go:186.56,187.14 1 0
boscoin.io/sebak/lib/storage/leveldb.go:190.4,190.10 1 0
boscoin.io/sebak/lib/storage/leveldb.go:187.14,189.5 1 0
boscoin.io/sebak/lib/storage/leveldb.go:195.23,197.59 2 0
boscoin.io/sebak/lib/storage/leveldb.go:202.3,202.40 1 0
boscoin.io/sebak/lib/storage/leveldb.go:197.59,200.4 2 0
boscoin.io/sebak/lib/storage/leveldb.go:210.68,212.58 2 1
boscoin.io/sebak/lib/storage/leveldb.go:217.2,218.52 2 1
boscoin.io/sebak/lib/storage/leveldb.go:226.2,228.8 2 1
boscoin.io/sebak/lib/storage/leveldb.go:212.58,215.3 2 0
boscoin.io/sebak/lib/storage/leveldb.go:218.52,219.14 1 0
boscoin.io/sebak/lib/storage/leveldb.go:223.3,223.9 1 0
boscoin.io/sebak/lib/storage/leveldb.go:219.14,222.4 2 0
boscoin.io/sebak/lib/storage/leveldb.go:231.56,232.17 1 0
boscoin.io/sebak/lib/storage/leveldb.go:237.2,238.23 2 0
boscoin.io/sebak/lib/storage/leveldb.go:248.2,249.23 2 0
boscoin.io/sebak/lib/storage/leveldb.go:259.2,261.8 2 0
boscoin.io/sebak/lib/storage/leveldb.go:232.17,235.3 2 0
boscoin.io/sebak/lib/storage/leveldb.go:238.23,239.57 1 0
boscoin.io/sebak/lib/storage/leveldb.go:239.57,240.15 1 0
boscoin.io/sebak/lib/storage/leveldb.go:244.4,244.10 1 0
boscoin.io/sebak/lib/storage/leveldb.go:240.15,243.5 2 0
boscoin.io/sebak/lib/storage/leveldb.go:249.23,251.59 2 0
boscoin.io/sebak/lib/storage/leveldb.go:256.3,256.40 1 0
boscoin.io/sebak/lib/storage/leveldb.go:251.59,254.4 2 0
boscoin.io/sebak/lib/storage/leveldb.go:264.56,266.52 2 0
boscoin.io/sebak/lib/storage/leveldb.go:274.2,276.8 2 0
boscoin.io/sebak/lib/storage/leveldb.go:266.52,267.14 1 0
boscoin.io/sebak/lib/storage/leveldb.go:271.3,271.9 1 0
boscoin.io/sebak/lib/storage/leveldb.go:267.14,270.4 2 0
boscoin.io/sebak/lib/storage/leveldb.go:279.108,283.19 4 1
boscoin.io/sebak/lib/storage/leveldb.go:289.2,290.21 2 1
boscoin.io/sebak/lib/storage/leveldb.go:294.2,296.19 2 1
boscoin.io/sebak/lib/storage/leveldb.go:300.2,302.13 3 1
boscoin.io/sebak/lib/storage/leveldb.go:318.2,319.33 2 1
boscoin.io/sebak/lib/storage/leveldb.go:283.19,287.3 3 1
boscoin.io/sebak/lib/storage/leveldb.go:290.21,292.3 1 1
boscoin.io/sebak/lib/storage/leveldb.go:296.19,298.3 1 0
boscoin.io/sebak/lib/storage/leveldb.go:302.13,303.19 1 1
boscoin.io/sebak/lib/storage/leveldb.go:307.3,308.19 2 1
boscoin.io/sebak/lib/storage/leveldb.go:303.19,305.35 2 0
boscoin.io/sebak/lib/storage/leveldb.go:305.35,305.63 1 0
boscoin.io/sebak/lib/storage/leveldb.go:305.73,305.74 0 0
boscoin.io/sebak/lib/storage/leveldb.go:309.8,311.20 2 0
boscoin.io/sebak/lib/storage/leveldb.go:311.20,313.4 1 0
boscoin.io/sebak/lib/storage/leveldb.go:313.9,315.4 1 0
boscoin.io/sebak/lib/storage/leveldb.go:319.33,320.17 1 1
boscoin.io/sebak/lib/storage/leveldb.go:326.4,326.19 1 0
boscoin.io/sebak/lib/storage/leveldb.go:331.4,331.32 1 0
boscoin.io/sebak/lib/storage/leveldb.go:336.4,337.69 2 0
boscoin.io/sebak/lib/storage/leveldb.go:320.17,324.5 3 1
boscoin.io/sebak/lib/storage/leveldb.go:326.19,329.5 2 0
boscoin.io/sebak/lib/storage/leveldb.go:331.32,335.5 3 0
boscoin.io/sebak/lib/storage/leveldb.go:339.10,341.4 1 1
boscoin.io/sebak/lib/storage/leveldb.go:353.75,360.2 2 0
boscoin.io/sebak/lib/storage/leveldb.go:362.92,363.19 1 0
boscoin.io/sebak/lib/storage/leveldb.go:371.2,372.21 2 0
boscoin.io/sebak/lib/storage/leveldb.go:376.2,380.28 4 0
boscoin.io/sebak/lib/storage/leveldb.go:386.2,387.18 2 0
boscoin.io/sebak/lib/storage/leveldb.go:391.2,393.63 2 0
boscoin.io/sebak/lib/storage/leveldb.go:410.2,410.21 1 0
boscoin.io/sebak/lib/storage/leveldb.go:363.19,369.3 1 0
boscoin.io/sebak/lib/storage/leveldb.go:372.21,374.3 1 0
boscoin.io/sebak/lib/storage/leveldb.go:380.28,382.3 1 0
boscoin.io/sebak/lib/storage/leveldb.go:382.8,384.3 1 0
boscoin.io/sebak/lib/storage/leveldb.go:387.18,389.3 1 0
boscoin.io/sebak/lib/storage/leveldb.go:393.63,394.26 1 0
boscoin.io/sebak/lib/storage/leveldb.go:398.3,398.66 1 0
boscoin.io/sebak/lib/storage/leveldb.go:404.3,404.26 1 0
boscoin.io/sebak/lib/storage/leveldb.go:407.3,407.8 1 0
boscoin.io/sebak/lib/storage/leveldb.go:394.26,396.4 1 0
boscoin.io/sebak/lib/storage/leveldb.go:398.66,400.4 1 0
boscoin.io/sebak/lib/storage/leveldb.go:400.9,400.27 1 0
boscoin.io/sebak/lib/storage/leveldb.go:400.27,402.4 1 0
boscoin.io/sebak/lib/storage/leveldb.go:404.26,406.4 1 0
boscoin.io/sebak/lib/consensus/proposer_selector.go:17.83,21.2 3 1
boscoin.io/sebak/lib/network/api/stream.go:33.72,35.9 2 0
boscoin.io/sebak/lib/network/api/stream.go:39.2,40.16 2 0
boscoin.io/sebak/lib/network/api/stream.go:43.2,43.16 1 0
boscoin.io/sebak/lib/network/api/stream.go:35.9,37.3 1 0
boscoin.io/sebak/lib/network/api/stream.go:40.16,42.3 1 0
boscoin.io/sebak/lib/network/api/stream.go:47.64,48.20 1 0
boscoin.io/sebak/lib/network/api/stream.go:51.2,52.14 2 0
boscoin.io/sebak/lib/network/api/stream.go:55.2,56.16 2 0
boscoin.io/sebak/lib/network/api/stream.go:59.2,59.16 1 0
boscoin.io/sebak/lib/network/api/stream.go:48.20,50.3 1 0
boscoin.io/sebak/lib/network/api/stream.go:52.14,54.3 1 0
boscoin.io/sebak/lib/network/api/stream.go:56.16,58.3 1 0
boscoin.io/sebak/lib/network/api/stream.go:63.81,65.2 1 0
boscoin.io/sebak/lib/network/api/stream.go:68.108,77.9 3 0
boscoin.io/sebak/lib/network/api/stream.go:84.2,84.11 1 0
boscoin.io/sebak/lib/network/api/stream.go:77.9,80.3 2 0
boscoin.io/sebak/lib/network/api/stream.go:80.8,82.3 1 0
boscoin.io/sebak/lib/network/api/stream.go:88.51,89.18 1 0
boscoin.io/sebak/lib/network/api/stream.go:93.2,97.61 5 0
boscoin.io/sebak/lib/network/api/stream.go:103.2,103.17 1 0
boscoin.io/sebak/lib/network/api/stream.go:108.2,109.19 2 0
boscoin.io/sebak/lib/network/api/stream.go:89.18,91.3 1 0
boscoin.io/sebak/lib/network/api/stream.go:97.61,99.3 1 0
boscoin.io/sebak/lib/network/api/stream.go:99.8,101.3 1 0
boscoin.io/sebak/lib/network/api/stream.go:103.17,106.3 2 0
boscoin.io/sebak/lib/network/api/stream.go:120.72,122.2 1 0
boscoin.io/sebak/lib/network/api/stream.go:127.81,128.18 1 0
boscoin.io/sebak/lib/network/api/stream.go:133.2,137.38 4 0
boscoin.io/sebak/lib/network/api/stream.go:161.2,163.16 2 0
boscoin.io/sebak/lib/network/api/stream.go:128.18,130.17 2 0
boscoin.io/sebak/lib/network/api/stream.go:130.18,130.19 0 0
boscoin.io/sebak/lib/network/api/stream.go:137.38,143.20 2 0
boscoin.io/sebak/lib/network/api/stream.go:152.3,152.17 1 0
boscoin.io/sebak/lib/network/api/stream.go:155.3,155.10 1 0
boscoin.io/sebak/lib/network/api/stream.go:143.20,145.4 1 0
boscoin.io/sebak/lib/network/api/stream.go:145.9,150.4 4 0
boscoin.io/sebak/lib/network/api/stream.go:152.17,154.4 1 0
boscoin.io/sebak/lib/network/api/stream.go:156.23,156.23 0 0
boscoin.io/sebak/lib/network/api/stream.go:157.15,158.10 1 0
boscoin.io/sebak/lib/network/api/stream.go:163.16,166.7 2 0
boscoin.io/sebak/lib/network/api/stream.go:166.7,167.11 1 0
boscoin.io/sebak/lib/network/api/stream.go:168.26,170.22 2 0
boscoin.io/sebak/lib/network/api/stream.go:171.38,173.11 2 0
boscoin.io/sebak/lib/network/api/stream.go:179.52,183.16 3 0
boscoin.io/sebak/lib/network/api/stream.go:186.2,186.10 1 0
boscoin.io/sebak/lib/network/api/stream.go:183.16,185.3 1 0
boscoin.io/sebak/lib/node/runner/api_transaction.go:14.97,16.24 2 0
boscoin.io/sebak/lib/node/runner/api_transaction.go:35.2,35.21 1 0
boscoin.io/sebak/lib/node/runner/api_transaction.go:43.2,43.46 1 0
boscoin.io/sebak/lib/node/runner/api_transaction.go:48.2,54.30 4 0
boscoin.io/sebak/lib/node/runner/api_transaction.go:64.2,64.30 1 0
boscoin.io/sebak/lib/node/runner/api_transaction.go:85.2,85.8 1 0
boscoin.io/sebak/lib/node/runner/api_transaction.go:16.24,17.57 1 0
boscoin.io/sebak/lib/node/runner/api_transaction.go:22.3,25.20 3 0
boscoin.io/sebak/lib/node/runner/api_transaction.go:17.57,20.4 2 0
boscoin.io/sebak/lib/node/runner/api_transaction.go:25.20,27.60 2 0
boscoin.io/sebak/lib/node/runner/api_transaction.go:32.4,32.42 1 0
boscoin.io/sebak/lib/node/runner/api_transaction.go:27.60,30.5 2 0
boscoin.io/sebak/lib/node/runner/api_transaction.go:35.21,38.3 2 0
boscoin.io/sebak/lib/node/runner/api_transaction.go:43.46,46.3 2 0
boscoin.io/sebak/lib/node/runner/api_transaction.go:54.30,55.66 1 0
boscoin.io/sebak/lib/node/runner/api_transaction.go:55.66,57.12 2 0
boscoin.io/sebak/lib/node/runner/api_transaction.go:58.9,60.4 1 0
boscoin.io/sebak/lib/node/runner/api_transaction.go:64.30,65.40 1 0
boscoin.io/sebak/lib/node/runner/api_transaction.go:69.3,69.80 1 0
boscoin.io/sebak/lib/node/runner/api_transaction.go:77.3,78.17 2 0
boscoin.io/sebak/lib/node/runner/api_transaction.go:82.3,82.56 1 0
boscoin.io/sebak/lib/node/runner/api_transaction.go:65.40,66.12 1 0
boscoin.io/sebak/lib/node/runner/api_transaction.go:69.80,72.4 2 0
boscoin.io/sebak/lib/node/runner/api_transaction.go:72.9,72.21 1 0
boscoin.io/sebak/lib/node/runner/api_transaction.go:72.21,74.12 2 0
boscoin.io/sebak/lib/node/runner/api_transaction.go:78.17,81.4 2 0
boscoin.io/sebak/cmd/sebak/cmd/wallet.go:13.13,17.46 1 1
boscoin.io/sebak/cmd/sebak/cmd/wallet.go:24.2,25.41 2 1
boscoin.io/sebak/cmd/sebak/cmd/wallet.go:17.46,18.21 1 0
boscoin.io/sebak/cmd/sebak/cmd/wallet.go:18.21,20.5 1 0
boscoin.io/sebak/lib/transaction/operation/create_account.go:18.89,24.2 1 1
boscoin.io/sebak/lib/transaction/operation/create_account.go:26.64,28.2 1 1
boscoin.io/sebak/lib/transaction/operation/create_account.go:31.72,32.50 1 1
boscoin.io/sebak/lib/transaction/operation/create_account.go:36.2,36.25 1 1
boscoin.io/sebak/lib/transaction/operation/create_account.go:41.2,41.35 1 1
boscoin.io/sebak/lib/transaction/operation/create_account.go:46.2,46.8 1 1
boscoin.io/sebak/lib/transaction/operation/create_account.go:32.50,34.3 1 0
boscoin.io/sebak/lib/transaction/operation/create_account.go:36.25,39.3 2 0
boscoin.io/sebak/lib/transaction/operation/create_account.go:41.35,44.3 2 0
boscoin.io/sebak/lib/transaction/operation/create_account.go:49.47,51.2 1 1
boscoin.io/sebak/lib/transaction/operation/create_account.go:53.50,55.2 1 1
boscoin.io/sebak/lib/transaction/transaction.go:45.34,47.2 1 1
boscoin.io/sebak/lib/transaction/transaction.go:49.40,51.2 1 1
boscoin.io/sebak/lib/transaction/transaction.go:53.59,55.46 2 1
boscoin.io/sebak/lib/transaction/transaction.go:59.2,63.8 5 1
boscoin.io/sebak/lib/transaction/transaction.go:55.46,57.3 1 0
boscoin.io/sebak/lib/transaction/transaction.go:66.111,67.18 1 0
boscoin.io/sebak/lib/transaction/transaction.go:72.2,88.8 3 0
boscoin.io/sebak/lib/transaction/transaction.go:67.18,70.3 2 0
boscoin.io/sebak/lib/transaction/transaction.go:101.86,110.75 2 1
boscoin.io/sebak/lib/transaction/transaction.go:117.2,117.8 1 1
boscoin.io/sebak/lib/transaction/transaction.go:110.75,111.40 1 0
boscoin.io/sebak/lib/transaction/transaction.go:114.3,114.9 1 0
boscoin.io/sebak/lib/transaction/transaction.go:111.40,113.4 1 0
boscoin.io/sebak/lib/transaction/transaction.go:120.40,122.2 1 1
boscoin.io/sebak/lib/transaction/transaction.go:124.52,126.2 1 0
boscoin.io/sebak/lib/transaction/transaction.go:128.65,130.2 1 1
boscoin.io/sebak/lib/transaction/transaction.go:132.40,134.2 1 1
boscoin.io/sebak/lib/transaction/transaction.go:136.39,138.2 1 1
boscoin.io/sebak/lib/transaction/transaction.go:150.63,154.37 2 1
boscoin.io/sebak/lib/transaction/transaction.go:160.2,160.13 1 1
boscoin.io/sebak/lib/transaction/transaction.go:164.2,164.15 1 1
boscoin.io/sebak/lib/transaction/transaction.go:154.37,155.46 1 1
boscoin.io/sebak/lib/transaction/transaction.go:155.46,157.4 1 1
boscoin.io/sebak/lib/transaction/transaction.go:160.13,162.3 1 1
boscoin.io/sebak/lib/transaction/transaction.go:168.52,170.2 1 1
boscoin.io/sebak/lib/transaction/transaction.go:172.63,175.2 2 1
boscoin.io/sebak/lib/transaction/transaction.go:177.39,180.2 2 1
boscoin.io/sebak/lib/transaction/transaction.go:182.62,190.2 5 1
boscoin.io/sebak/lib/network/httputils/json.go:15.55,18.48 2 1
boscoin.io/sebak/lib/network/httputils/json.go:18.48,20.3 1 0
boscoin.io/sebak/lib/network/httputils/json.go:24.70,25.34 1 1
boscoin.io/sebak/lib/network/httputils/json.go:35.2,38.16 3 1
boscoin.io/sebak/lib/network/httputils/json.go:42.2,42.39 1 1
boscoin.io/sebak/lib/network/httputils/json.go:46.2,46.12 1 1
boscoin.io/sebak/lib/network/httputils/json.go:25.34,28.3 2 1
boscoin.io/sebak/lib/network/httputils/json.go:28.8,28.35 1 1
boscoin.io/sebak/lib/network/httputils/json.go:28.35,31.3 2 1
boscoin.io/sebak/lib/network/httputils/json.go:31.8,33.3 1 0
boscoin.io/sebak/lib/network/httputils/json.go:38.16,40.3 1 0
boscoin.io/sebak/lib/network/httputils/json.go:42.39,44.3 1 0
boscoin.io/sebak/lib/common/amount.go:37.32,38.27 1 1
boscoin.io/sebak/lib/common/amount.go:38.27,41.119 1 0
boscoin.io/sebak/lib/common/amount.go:46.33,49.2 2 1
boscoin.io/sebak/lib/common/amount.go:57.57,60.39 3 1
boscoin.io/sebak/lib/common/amount.go:63.2,63.8 1 1
boscoin.io/sebak/lib/common/amount.go:60.39,62.3 1 0
boscoin.io/sebak/lib/common/amount.go:68.46,69.40 1 1
boscoin.io/sebak/lib/common/amount.go:69.40,70.13 1 0
boscoin.io/sebak/lib/common/amount.go:71.8,73.3 1 1
boscoin.io/sebak/lib/common/amount.go:82.49,85.13 3 1
boscoin.io/sebak/lib/common/amount.go:88.2,88.21 1 1
boscoin.io/sebak/lib/common/amount.go:85.13,87.3 1 0
boscoin.io/sebak/lib/common/amount.go:97.48,99.2 1 1
boscoin.io/sebak/lib/common/amount.go:102.50,104.2 1 0
boscoin.io/sebak/lib/common/amount.go:107.52,108.11 1 1
boscoin.io/sebak/lib/common/amount.go:111.2,111.32 1 1
boscoin.io/sebak/lib/common/amount.go:108.11,110.3 1 0
boscoin.io/sebak/lib/common/amount.go:115.54,117.42 2 1
boscoin.io/sebak/lib/common/amount.go:121.2,121.35 1 1
boscoin.io/sebak/lib/common/amount.go:117.42,119.3 1 0
boscoin.io/sebak/lib/common/amount.go:126.40,127.40 1 1
boscoin.io/sebak/lib/common/amount.go:127.40,128.13 1 0
boscoin.io/sebak/lib/common/amount.go:129.8,131.3 1 1
boscoin.io/sebak/lib/common/amount.go:136.44,137.38 1 0
boscoin.io/sebak/lib/common/amount.go:137.38,138.13 1 0
boscoin.io/sebak/lib/common/amount.go:139.8,141.3 1 0
boscoin.io/sebak/lib/common/amount.go:145.47,147.2 1 1
boscoin.io/sebak/lib/common/amount.go:151.54,154.2 2 1
boscoin.io/sebak/lib/common/amount.go:163.51,164.62 1 1
boscoin.io/sebak/lib/common/amount.go:164.62,166.3 1 0
boscoin.io/sebak/lib/common/amount.go:166.8,168.3 1 1
boscoin.io/sebak/lib/common/amount.go:172.46,173.53 1 0
boscoin.io/sebak/lib/common/amount.go:173.53,174.13 1 0
boscoin.io/sebak/lib/common/amount.go:175.8,177.3 1 0
boscoin.io/sebak/lib/network/test.go:19.96,28.2 5 0
boscoin.io/sebak/lib/transaction/test.go:17.13,19.2 1 1
boscoin.io/sebak/lib/transaction/test.go:21.86,25.25 3 0
boscoin.io/sebak/lib/transaction/test.go:29.2,32.8 3 0
boscoin.io/sebak/lib/transaction/test.go:25.25,27.3 1 0
boscoin.io/sebak/lib/transaction/test.go:35.41,37.2 1 0
boscoin.io/sebak/lib/transaction/test.go:39.128,43.24 3 0
boscoin.io/sebak/lib/transaction/test.go:47.2,47.25 1 0
boscoin.io/sebak/lib/transaction/test.go:51.2,58.8 3 0
boscoin.io/sebak/lib/transaction/test.go:43.24,45.3 1 0
boscoin.io/sebak/lib/transaction/test.go:47.25,49.3 1 0
boscoin.io/sebak/lib/transaction/test.go:61.113,89.2 6 0
boscoin.io/sebak/lib/block/test.go:13.43,19.2 4 0
boscoin.io/sebak/lib/block/test.go:27.13,29.2 1 1
boscoin.io/sebak/lib/block/test.go:31.52,44.2 2 0
boscoin.io/sebak/lib/block/test.go:46.80,49.37 2 0
boscoin.io/sebak/lib/block/test.go:57.2,57.8 1 0
boscoin.io/sebak/lib/block/test.go:49.37,51.17 2 0
boscoin.io/sebak/lib/block/test.go:54.3,54.24 1 0
boscoin.io/sebak/lib/block/test.go:51.17,52.14 1 0
boscoin.io/sebak/lib/block/test.go:60.76,66.2 4 0
boscoin.io/sebak/lib/consensus/round_vote.go:16.57,25.2 3 1
boscoin.io/sebak/lib/consensus/round_vote.go:27.57,32.2 3 1
boscoin.io/sebak/lib/consensus/round_vote.go:34.74,39.2 3 1
boscoin.io/sebak/lib/consensus/round_vote.go:41.68,42.70 1 1
boscoin.io/sebak/lib/consensus/round_vote.go:49.2,49.8 1 1
boscoin.io/sebak/lib/consensus/round_vote.go:42.70,47.3 3 1
boscoin.io/sebak/lib/consensus/round_vote.go:52.77,53.29 1 1
boscoin.io/sebak/lib/consensus/round_vote.go:57.2,57.15 1 1
boscoin.io/sebak/lib/consensus/round_vote.go:64.2,64.15 1 1
boscoin.io/sebak/lib/consensus/round_vote.go:53.29,55.3 1 1
boscoin.io/sebak/lib/consensus/round_vote.go:58.24,59.19 1 1
boscoin.io/sebak/lib/consensus/round_vote.go:60.26,61.21 1 1
boscoin.io/sebak/lib/consensus/round_vote.go:67.161,69.19 2 1
boscoin.io/sebak/lib/consensus/round_vote.go:73.2,74.34 2 1
boscoin.io/sebak/lib/consensus/round_vote.go:78.2,79.36 2 1
boscoin.io/sebak/lib/consensus/round_vote.go:90.2,99.22 2 1
boscoin.io/sebak/lib/consensus/round_vote.go:108.2,110.51 3 0
boscoin.io/sebak/lib/consensus/round_vote.go:114.2,114.43 1 0
boscoin.io/sebak/lib/consensus/round_vote.go:69.19,71.3 1 0
boscoin.io/sebak/lib/consensus/round_vote.go:74.34,76.3 1 1
boscoin.io/sebak/lib/consensus/round_vote.go:79.36,80.21 1 1
boscoin.io/sebak/lib/consensus/round_vote.go:81.25,82.9 1 1
boscoin.io/sebak/lib/consensus/round_vote.go:83.24,84.8 1 0
boscoin.io/sebak/lib/consensus/round_vote.go:85.25,86.13 1 0
boscoin.io/sebak/lib/consensus/round_vote.go:99.22,101.3 1 1
boscoin.io/sebak/lib/consensus/round_vote.go:101.8,101.28 1 0
boscoin.io/sebak/lib/consensus/round_vote.go:101.28,103.3 1 0
boscoin.io/sebak/lib/consensus/round_vote.go:103.9,105.3 0 0
boscoin.io/sebak/lib/consensus/round_vote.go:110.51,112.3 1 0
boscoin.io/sebak/lib/consensus/round_vote.go:117.56,119.2 1 0
boscoin.io/sebak/lib/consensus/init.go:11.13,13.2 1 1
boscoin.io/sebak/lib/consensus/init.go:15.61,17.2 1 1
boscoin.io/sebak/cmd/sebak/cmd/init.go:14.45,15.20 1 0
boscoin.io/sebak/cmd/sebak/cmd/init.go:15.20,17.4 1 0
boscoin.io/sebak/cmd/sebak/cmd/init.go:21.16,22.42 1 1
boscoin.io/sebak/cmd/sebak/cmd/init.go:22.42,24.3 1 0
boscoin.io/sebak/cmd/sebak/cmd/init.go:27.26,29.2 1 1
boscoin.io/sebak/lib/storage/options.go:30.91,36.2 1 1
boscoin.io/sebak/lib/storage/options.go:39.92,45.16 5 0
boscoin.io/sebak/lib/storage/options.go:51.2,52.16 2 0
boscoin.io/sebak/lib/storage/options.go:56.2,57.16 2 0
boscoin.io/sebak/lib/storage/options.go:63.2,69.8 2 0
boscoin.io/sebak/lib/storage/options.go:45.16,46.64 1 0
boscoin.io/sebak/lib/storage/options.go:46.64,48.4 1 0
boscoin.io/sebak/lib/storage/options.go:52.16,54.3 1 0
boscoin.io/sebak/lib/storage/options.go:57.16,58.60 1 0
boscoin.io/sebak/lib/storage/options.go:58.60,60.4 1 0
boscoin.io/sebak/lib/storage/options.go:72.44,74.2 1 1
boscoin.io/sebak/lib/storage/options.go:76.61,79.2 2 0
boscoin.io/sebak/lib/storage/options.go:81.45,83.2 1 1
boscoin.io/sebak/lib/storage/options.go:85.62,88.2 2 0
boscoin.io/sebak/lib/storage/options.go:90.44,92.2 1 1
boscoin.io/sebak/lib/storage/options.go:94.61,97.2 2 0
boscoin.io/sebak/lib/storage/options.go:99.47,101.2 1 0
boscoin.io/sebak/lib/storage/options.go:103.52,108.23 2 0
boscoin.io/sebak/lib/storage/options.go:111.2,111.17 1 0
boscoin.io/sebak/lib/storage/options.go:115.2,115.10 1 0
boscoin.io/sebak/lib/storage/options.go:108.23,110.3 1 0
boscoin.io/sebak/lib/storage/options.go:111.17,113.3 1 0
boscoin.io/sebak/lib/storage/options.go:118.45,120.2 1 0
boscoin.io/sebak/lib/network/http2_network_log.go:15.61,18.2 2 0
boscoin.io/sebak/lib/network/http2_network_log.go:26.57,28.2 1 1
boscoin.io/sebak/lib/network/http2_network_log.go:30.65,34.2 3 1
boscoin.io/sebak/lib/network/http2_network_log.go:36.55,39.2 2 1
boscoin.io/sebak/lib/network/http2_network_log.go:41.49,43.2 1 1
boscoin.io/sebak/lib/network/http2_network_log.go:45.47,47.2 1 1
boscoin.io/sebak/lib/network/http2_network_log.go:49.44,51.8 2 0
boscoin.io/sebak/lib/network/http2_network_log.go:51.8,53.3 1 0
boscoin.io/sebak/lib/network/http2_network_log.go:71.78,75.48 3 1
boscoin.io/sebak/lib/network/http2_network_log.go:78.2,78.15 1 1
boscoin.io/sebak/lib/network/http2_network_log.go:82.2,83.35 2 1
boscoin.io/sebak/lib/network/http2_network_log.go:90.2,113.3 4 1
boscoin.io/sebak/lib/network/http2_network_log.go:75.48,77.3 1 0
boscoin.io/sebak/lib/network/http2_network_log.go:78.15,80.3 1 0
boscoin.io/sebak/lib/network/http2_network_log.go:83.35,84.70 1 1
boscoin.io/sebak/lib/network/http2_network_log.go:87.3,87.22 1 0
boscoin.io/sebak/lib/network/http2_network_log.go:84.70,85.12 1 1
boscoin.io/sebak/lib/common/url.go:18.61,19.79 1 0
boscoin.io/sebak/lib/common/url.go:22.2,22.75 1 0
boscoin.io/sebak/lib/common/url.go:27.2,28.8 2 0
boscoin.io/sebak/lib/common/url.go:19.79,21.3 1 0
boscoin.io/sebak/lib/common/url.go:22.75,25.3 2 0
boscoin.io/sebak/lib/block/account.go:33.75,35.2 1 1
boscoin.io/sebak/lib/block/account.go:37.96,44.2 1 1
boscoin.io/sebak/lib/block/account.go:46.40,48.2 1 1
boscoin.io/sebak/lib/block/account.go:50.69,55.16 4 1
boscoin.io/sebak/lib/block/account.go:59.2,59.12 1 1
boscoin.io/sebak/lib/block/account.go:66.2,66.16 1 1
boscoin.io/sebak/lib/block/account.go:72.2,79.8 3 1
boscoin.io/sebak/lib/block/account.go:55.16,57.3 1 0
boscoin.io/sebak/lib/block/account.go:59.12,61.3 1 1
boscoin.io/sebak/lib/block/account.go:61.8,65.3 3 1
boscoin.io/sebak/lib/block/account.go:66.16,70.3 3 1
boscoin.io/sebak/lib/block/account.go:82.64,85.2 2 1
boscoin.io/sebak/lib/block/account.go:86.64,88.2 1 0
boscoin.io/sebak/lib/block/account.go:90.48,92.2 1 1
boscoin.io/sebak/lib/block/account.go:94.55,96.2 1 1
boscoin.io/sebak/lib/block/account.go:98.94,100.2 1 1
boscoin.io/sebak/lib/block/account.go:102.95,103.63 1 1
boscoin.io/sebak/lib/block/account.go:107.2,107.8 1 1
boscoin.io/sebak/lib/block/account.go:103.63,105.3 1 1
boscoin.io/sebak/lib/block/account.go:110.137,113.40 2 0
boscoin.io/sebak/lib/block/account.go:113.40,115.16 2 0
boscoin.io/sebak/lib/block/account.go:119.4,121.37 3 0
boscoin.io/sebak/lib/block/account.go:115.16,117.5 1 0
boscoin.io/sebak/lib/block/account.go:122.15,124.4 1 0
boscoin.io/sebak/lib/block/account.go:127.136,130.47 2 0
boscoin.io/sebak/lib/block/account.go:130.47,132.16 2 0
boscoin.io/sebak/lib/block/account.go:136.4,140.18 2 0
boscoin.io/sebak/lib/block/account.go:143.4,143.30 1 0
boscoin.io/sebak/lib/block/account.go:132.16,134.5 1 0
boscoin.io/sebak/lib/block/account.go:140.18,142.5 1 0
boscoin.io/sebak/lib/block/account.go:144.15,146.4 1 0
boscoin.io/sebak/lib/block/account.go:149.51,151.2 1 1
boscoin.io/sebak/lib/block/account.go:157.58,158.54 1 1
boscoin.io/sebak/lib/block/account.go:163.2,163.12 1 1
boscoin.io/sebak/lib/block/account.go:158.54,160.3 1 0
boscoin.io/sebak/lib/block/account.go:160.8,162.3 1 1
boscoin.io/sebak/lib/block/account.go:169.59,170.54 1 1
boscoin.io/sebak/lib/block/account.go:176.2,176.12 1 1
boscoin.io/sebak/lib/block/account.go:170.54,172.3 1 0
boscoin.io/sebak/lib/block/account.go:172.8,175.3 2 1
boscoin.io/sebak/lib/block/account.go:194.77,196.2 1 1
boscoin.io/sebak/lib/block/account.go:198.67,200.2 1 1
boscoin.io/sebak/lib/block/account.go:202.73,204.2 1 0
boscoin.io/sebak/lib/block/account.go:206.50,208.2 1 0
boscoin.io/sebak/lib/block/account.go:210.79,215.16 4 1
boscoin.io/sebak/lib/block/account.go:219.2,219.12 1 1
boscoin.io/sebak/lib/block/account.go:226.2,226.13 1 1
boscoin.io/sebak/lib/block/account.go:231.2,231.8 1 1
boscoin.io/sebak/lib/block/account.go:215.16,217.3 1 0
boscoin.io/sebak/lib/block/account.go:219.12,221.3 1 1
boscoin.io/sebak/lib/block/account.go:221.8,224.3 1 1
boscoin.io/sebak/lib/block/account.go:226.13,229.3 2 1
boscoin.io/sebak/lib/block/account.go:234.133,235.85 1 1
boscoin.io/sebak/lib/block/account.go:239.2,239.8 1 1
boscoin.io/sebak/lib/block/account.go:235.85,237.3 1 0
boscoin.io/sebak/lib/block/account.go:242.170,246.56 3 0
boscoin.io/sebak/lib/block/account.go:246.56,248.16 2 0
boscoin.io/sebak/lib/block/account.go:252.4,256.44 4 0
boscoin.io/sebak/lib/block/account.go:259.4,259.33 1 0
boscoin.io/sebak/lib/block/account.go:248.16,250.5 1 0
boscoin.io/sebak/lib/block/account.go:256.44,258.5 1 0
boscoin.io/sebak/lib/block/account.go:261.15,263.4 1 0
boscoin.io/sebak/lib/node/local_node.go:33.108,34.20 1 1
boscoin.io/sebak/lib/node/local_node.go:38.2,47.8 3 1
boscoin.io/sebak/lib/node/local_node.go:34.20,36.3 1 1
boscoin.io/sebak/lib/node/local_node.go:50.37,52.2 1 0
boscoin.io/sebak/lib/node/local_node.go:54.40,55.32 1 0
boscoin.io/sebak/lib/node/local_node.go:59.2,59.14 1 0
boscoin.io/sebak/lib/node/local_node.go:55.32,57.3 1 0
boscoin.io/sebak/lib/node/local_node.go:62.35,64.2 1 1
boscoin.io/sebak/lib/node/local_node.go:66.34,68.2 1 0
boscoin.io/sebak/lib/node/local_node.go:70.31,72.2 1 0
boscoin.io/sebak/lib/node/local_node.go:74.36,76.2 1 0
boscoin.io/sebak/lib/node/local_node.go:78.38,80.2 1 0
boscoin.io/sebak/lib/node/local_node.go:82.38,84.2 1 1
boscoin.io/sebak/lib/node/local_node.go:86.45,88.2 1 1
boscoin.io/sebak/lib/node/local_node.go:90.36,92.2 1 1
boscoin.io/sebak/lib/node/local_node.go:94.49,96.2 1 1
boscoin.io/sebak/lib/node/local_node.go:98.53,100.2 1 0
boscoin.io/sebak/lib/node/local_node.go:102.56,104.2 1 1
boscoin.io/sebak/lib/node/local_node.go:106.67,110.2 3 1
boscoin.io/sebak/lib/node/local_node.go:112.56,115.2 2 1
boscoin.io/sebak/lib/node/local_node.go:117.59,119.2 1 1
boscoin.io/sebak/lib/node/local_node.go:121.67,125.32 3 1
boscoin.io/sebak/lib/node/local_node.go:129.2,129.12 1 1
boscoin.io/sebak/lib/node/local_node.go:125.32,127.3 1 1
boscoin.io/sebak/lib/node/local_node.go:132.51,140.2 1 1
boscoin.io/sebak/lib/node/local_node.go:142.49,144.2 1 1
boscoin.io/sebak/lib/node/local_node.go:146.53,148.21 2 1
boscoin.io/sebak/lib/node/local_node.go:151.2,152.10 2 1
boscoin.io/sebak/lib/node/local_node.go:148.21,150.3 1 1
boscoin.io/sebak/lib/node/local_node.go:155.39,158.2 2 1
boscoin.io/sebak/lib/network/api/resource/operation.go:15.56,20.2 2 0
boscoin.io/sebak/lib/network/api/resource/operation.go:22.39,28.2 1 0
boscoin.io/sebak/lib/network/api/resource/operation.go:30.45,34.2 3 0
boscoin.io/sebak/lib/network/api/resource/operation.go:36.38,38.2 1 0
boscoin.io/sebak/lib/error/base.go:17.51,20.2 2 1
boscoin.io/sebak/lib/error/base.go:22.32,25.2 2 1
boscoin.io/sebak/lib/error/base.go:27.57,31.2 2 1
boscoin.io/sebak/lib/error/base.go:33.32,38.38 4 1
boscoin.io/sebak/lib/error/base.go:44.2,44.13 1 1
boscoin.io/sebak/lib/error/base.go:38.38,39.28 1 0
boscoin.io/sebak/lib/error/base.go:39.28,41.4 1 0
boscoin.io/sebak/lib/error/base.go:47.52,48.14 1 1
boscoin.io/sebak/lib/error/base.go:52.2,52.38 1 0
boscoin.io/sebak/lib/error/base.go:66.2,72.4 1 0
boscoin.io/sebak/lib/error/base.go:48.14,50.3 1 1
boscoin.io/sebak/lib/error/base.go:52.38,56.28 3 0
boscoin.io/sebak/lib/error/base.go:59.3,60.26 2 0
boscoin.io/sebak/lib/error/base.go:63.3,63.25 1 0
boscoin.io/sebak/lib/error/base.go:56.28,58.4 1 0
boscoin.io/sebak/lib/error/base.go:60.26,62.4 1 0
boscoin.io/sebak/lib/error/base.go:75.49,77.2 1 1
boscoin.io/sebak/lib/common/time.go:9.40,11.2 1 1
boscoin.io/sebak/lib/common/time.go:13.26,15.2 1 1
boscoin.io/sebak/lib/common/time.go:17.48,19.2 1 1
boscoin.io/sebak/lib/transaction/operation/operation_inflation.go:33.13,43.2 1 0
boscoin.io/sebak/lib/transaction/operation/operation_inflation.go:45.68,46.50 1 1
boscoin.io/sebak/lib/transaction/operation/operation_inflation.go:50.2,50.26 1 1
boscoin.io/sebak/lib/transaction/operation/operation_inflation.go:55.2,55.26 1 1
boscoin.io/sebak/lib/transaction/operation/operation_inflation.go:60.2,61.39 2 1
boscoin.io/sebak/lib/transaction/operation/operation_inflation.go:71.2,71.8 1 1
boscoin.io/sebak/lib/transaction/operation/operation_inflation.go:46.50,48.3 1 0
boscoin.io/sebak/lib/transaction/operation/operation_inflation.go:50.26,53.3 2 0
boscoin.io/sebak/lib/transaction/operation/operation_inflation.go:55.26,58.3 2 0
boscoin.io/sebak/lib/transaction/operation/operation_inflation.go:61.39,64.3 2 0
boscoin.io/sebak/lib/transaction/operation/operation_inflation.go:64.8,64.75 1 1
boscoin.io/sebak/lib/transaction/operation/operation_inflation.go:64.75,66.3 1 0
boscoin.io/sebak/lib/transaction/operation/operation_inflation.go:66.8,66.35 1 1
boscoin.io/sebak/lib/transaction/operation/operation_inflation.go:66.35,69.3 2 0
boscoin.io/sebak/lib/transaction/operation/operation_inflation.go:74.43,76.2 1 1
boscoin.io/sebak/lib/transaction/operation/operation_inflation.go:78.46,80.2 1 1
boscoin.io/sebak/lib/transaction/operation/operation_inflation.go:82.60,84.2 1 1
boscoin.io/sebak/lib/consensus/running_round.go:20.84,36.2 4 1
boscoin.io/sebak/lib/consensus/running_round.go:38.79,41.12 3 1
boscoin.io/sebak/lib/consensus/running_round.go:45.2,45.8 1 1
boscoin.io/sebak/lib/consensus/running_round.go:41.12,44.3 2 0
boscoin.io/sebak/lib/consensus/running_round.go:48.60,51.61 3 1
boscoin.io/sebak/lib/consensus/running_round.go:51.61,53.3 1 0
boscoin.io/sebak/lib/consensus/running_round.go:53.8,55.3 1 1
boscoin.io/sebak/lib/consensus/running_round.go:58.52,62.53 3 1
boscoin.io/sebak/lib/consensus/running_round.go:62.53,64.3 1 0
boscoin.io/sebak/lib/consensus/running_round.go:64.8,66.3 1 1
boscoin.io/sebak/cmd/sebak/cmd/run.go:77.13,84.46 3 1
boscoin.io/sebak/cmd/sebak/cmd/run.go:117.2,118.52 2 1
boscoin.io/sebak/cmd/sebak/cmd/run.go:121.2,121.72 1 1
boscoin.io/sebak/cmd/sebak/cmd/run.go:124.2,147.29 22 1
boscoin.io/sebak/cmd/sebak/cmd/run.go:84.46,87.29 1 1
boscoin.io/sebak/cmd/sebak/cmd/run.go:103.4,105.35 2 1
boscoin.io/sebak/cmd/sebak/cmd/run.go:87.29,90.37 3 1
boscoin.io/sebak/cmd/sebak/cmd/run.go:94.5,94.22 1 1
boscoin.io/sebak/cmd/sebak/cmd/run.go:97.5,98.41 2 1
boscoin.io/sebak/cmd/sebak/cmd/run.go:90.37,93.6 1 0
boscoin.io/sebak/cmd/sebak/cmd/run.go:94.22,96.6 1 0
boscoin.io/sebak/cmd/sebak/cmd/run.go:98.41,100.6 1 0
boscoin.io/sebak/cmd/sebak/cmd/run.go:105.35,112.5 1 0
boscoin.io/sebak/cmd/sebak/cmd/run.go:118.52,120.3 1 0
boscoin.io/sebak/cmd/sebak/cmd/run.go:121.72,123.3 1 0
boscoin.io/sebak/cmd/sebak/cmd/run.go:150.70,152.23 2 1
boscoin.io/sebak/cmd/sebak/cmd/run.go:157.2,157.29 1 1
boscoin.io/sebak/cmd/sebak/cmd/run.go:169.2,169.8 1 1
boscoin.io/sebak/cmd/sebak/cmd/run.go:152.23,155.3 2 0
boscoin.io/sebak/cmd/sebak/cmd/run.go:157.29,158.18 1 1
boscoin.io/sebak/cmd/sebak/cmd/run.go:162.3,163.63 2 1
boscoin.io/sebak/cmd/sebak/cmd/run.go:166.3,166.29 1 1
boscoin.io/sebak/cmd/sebak/cmd/run.go:158.18,159.12 1 1
boscoin.io/sebak/cmd/sebak/cmd/run.go:163.63,165.4 1 0
boscoin.io/sebak/cmd/sebak/cmd/run.go:172.23,175.28 2 1
boscoin.io/sebak/cmd/sebak/cmd/run.go:178.2,178.31 1 1
boscoin.io/sebak/cmd/sebak/cmd/run.go:182.2,184.16 3 1
boscoin.io/sebak/cmd/sebak/cmd/run.go:190.2,190.61 1 1
boscoin.io/sebak/cmd/sebak/cmd/run.go:197.2,197.53 1 1
boscoin.io/sebak/cmd/sebak/cmd/run.go:206.2,212.29 6 1
boscoin.io/sebak/cmd/sebak/cmd/run.go:226.2,226.71 1 1
boscoin.io/sebak/cmd/sebak/cmd/run.go:230.2,230.91 1 1
boscoin.io/sebak/cmd/sebak/cmd/run.go:234.2,239.91 5 1
boscoin.io/sebak/cmd/sebak/cmd/run.go:243.2,243.87 1 1
boscoin.io/sebak/cmd/sebak/cmd/run.go:247.2,248.75 2 1
boscoin.io/sebak/cmd/sebak/cmd/run.go:254.2,254.69 1 1
boscoin.io/sebak/cmd/sebak/cmd/run.go:258.2,259.23 2 1
boscoin.io/sebak/cmd/sebak/cmd/run.go:268.2,269.22 2 1
boscoin.io/sebak/cmd/sebak/cmd/run.go:275.2,304.16 24 1
boscoin.io/sebak/cmd/sebak/cmd/run.go:307.2,311.46 4 1
boscoin.io/sebak/cmd/sebak/cmd/run.go:318.2,322.17 3 1
boscoin.io/sebak/cmd/sebak/cmd/run.go:175.28,177.3 1 0
boscoin.io/sebak/cmd/sebak/cmd/run.go:178.31,180.3 1 0
boscoin.io/sebak/cmd/sebak/cmd/run.go:184.16,186.3 1 0
boscoin.io/sebak/cmd/sebak/cmd/run.go:186.8,188.3 1 1
boscoin.io/sebak/cmd/sebak/cmd/run.go:190.61,192.3 1 0
boscoin.io/sebak/cmd/sebak/cmd/run.go:192.8,195.3 2 1
boscoin.io/sebak/cmd/sebak/cmd/run.go:197.53,198.60 1 1
boscoin.io/sebak/cmd/sebak/cmd/run.go:201.3,201.59 1 1
boscoin.io/sebak/cmd/sebak/cmd/run.go:198.60,200.4 1 0
boscoin.io/sebak/cmd/sebak/cmd/run.go:201.59,203.4 1 0
boscoin.io/sebak/cmd/sebak/cmd/run.go:212.29,213.65 1 0
boscoin.io/sebak/cmd/sebak/cmd/run.go:213.65,215.4 1 0
boscoin.io/sebak/cmd/sebak/cmd/run.go:215.9,218.4 2 0
boscoin.io/sebak/cmd/sebak/cmd/run.go:219.8,224.3 4 1
boscoin.io/sebak/cmd/sebak/cmd/run.go:226.71,228.3 1 0
boscoin.io/sebak/cmd/sebak/cmd/run.go:230.91,232.3 1 0
boscoin.io/sebak/cmd/sebak/cmd/run.go:239.91,241.3 1 0
boscoin.io/sebak/cmd/sebak/cmd/run.go:243.87,245.3 1 0
boscoin.io/sebak/cmd/sebak/cmd/run.go:248.75,250.3 1 0
boscoin.io/sebak/cmd/sebak/cmd/run.go:250.8,252.3 1 1
boscoin.io/sebak/cmd/sebak/cmd/run.go:254.69,256.3 1 0
boscoin.io/sebak/cmd/sebak/cmd/run.go:260.18,261.42 1 1
boscoin.io/sebak/cmd/sebak/cmd/run.go:262.14,263.50 1 0
boscoin.io/sebak/cmd/sebak/cmd/run.go:264.10,265.88 1 0
boscoin.io/sebak/cmd/sebak/cmd/run.go:269.22,270.79 1 0
boscoin.io/sebak/cmd/sebak/cmd/run.go:270.79,272.4 1 0
boscoin.io/sebak/cmd/sebak/cmd/run.go:304.16,306.3 1 0
boscoin.io/sebak/cmd/sebak/cmd/run.go:311.46,317.3 2 1
boscoin.io/sebak/cmd/sebak/cmd/run.go:322.17,325.3 2 0
boscoin.io/sebak/cmd/sebak/cmd/run.go:328.94,330.73 2 1
boscoin.io/sebak/cmd/sebak/cmd/run.go:335.2,335.26 1 1
boscoin.io/sebak/cmd/sebak/cmd/run.go:338.2,338.24 1 1
boscoin.io/sebak/cmd/sebak/cmd/run.go:330.73,332.3 1 0
boscoin.io/sebak/cmd/sebak/cmd/run.go:332.8,334.3 1 1
boscoin.io/sebak/cmd/sebak/cmd/run.go:335.26,337.3 1 0
boscoin.io/sebak/cmd/sebak/cmd/run.go:341.22,344.16 2 1
boscoin.io/sebak/cmd/sebak/cmd/run.go:349.2,352.16 3 1
boscoin.io/sebak/cmd/sebak/cmd/run.go:357.2,373.16 4 1
boscoin.io/sebak/cmd/sebak/cmd/run.go:378.2,379.16 2 1
boscoin.io/sebak/cmd/sebak/cmd/run.go:385.2,386.2 2 1
boscoin.io/sebak/cmd/sebak/cmd/run.go:413.2,413.32 1 1
boscoin.io/sebak/cmd/sebak/cmd/run.go:418.2,418.12 1 1
boscoin.io/sebak/cmd/sebak/cmd/run.go:344.16,347.3 2 0
boscoin.io/sebak/cmd/sebak/cmd/run.go:352.16,355.3 2 0
boscoin.io/sebak/cmd/sebak/cmd/run.go:373.16,376.3 2 0
boscoin.io/sebak/cmd/sebak/cmd/run.go:379.16,382.3 2 0
boscoin.io/sebak/cmd/sebak/cmd/run.go:386.2,389.17 2 1
boscoin.io/sebak/cmd/sebak/cmd/run.go:394.3,394.22 1 1
boscoin.io/sebak/cmd/sebak/cmd/run.go:389.17,392.4 2 0
boscoin.io/sebak/cmd/sebak/cmd/run.go:394.22,395.37 1 1
boscoin.io/sebak/cmd/sebak/cmd/run.go:399.4,399.14 1 1
boscoin.io/sebak/cmd/sebak/cmd/run.go:395.37,398.5 2 0
boscoin.io/sebak/cmd/sebak/cmd/run.go:400.18,402.4 1 1
boscoin.io/sebak/cmd/sebak/cmd/run.go:404.2,406.22 2 1
boscoin.io/sebak/cmd/sebak/cmd/run.go:406.22,408.4 1 1
boscoin.io/sebak/cmd/sebak/cmd/run.go:408.18,410.4 1 1
boscoin.io/sebak/cmd/sebak/cmd/run.go:413.32,416.3 2 0
boscoin.io/sebak/lib/common/inflation.go:12.70,13.37 1 1
boscoin.io/sebak/lib/common/inflation.go:18.2,19.8 2 1
boscoin.io/sebak/lib/common/inflation.go:13.37,16.3 2 0
boscoin.io/sebak/lib/common/inflation.go:22.50,24.2 1 1
boscoin.io/sebak/lib/common/inflation.go:26.65,27.56 1 1
boscoin.io/sebak/lib/common/inflation.go:31.2,31.8 1 1
boscoin.io/sebak/lib/common/inflation.go:27.56,29.3 1 0
boscoin.io/sebak/lib/block/block.go:36.58,39.2 2 1
boscoin.io/sebak/lib/block/block.go:41.34,44.2 2 1
boscoin.io/sebak/lib/block/block.go:64.150,65.53 1 1
boscoin.io/sebak/lib/block/block.go:70.2,71.68 2 1
boscoin.io/sebak/lib/block/block.go:80.2,81.2 2 1
boscoin.io/sebak/lib/block/block.go:103.2,129.36 6 1
boscoin.io/sebak/lib/block/block.go:133.2,135.35 3 1
boscoin.io/sebak/lib/block/block.go:139.2,139.8 1 1
boscoin.io/sebak/lib/block/block.go:65.53,68.3 2 0
boscoin.io/sebak/lib/block/block.go:71.68,72.13 1 0
boscoin.io/sebak/lib/block/block.go:76.3,76.9 1 0
boscoin.io/sebak/lib/block/block.go:72.13,74.4 1 0
boscoin.io/sebak/lib/block/block.go:81.2,90.3 3 1
boscoin.io/sebak/lib/block/block.go:92.2,101.3 3 1
boscoin.io/sebak/lib/block/block.go:129.36,131.3 1 0
boscoin.io/sebak/lib/block/block.go:135.35,137.3 1 0
boscoin.io/sebak/lib/block/block.go:144.111,156.2 3 1
boscoin.io/sebak/lib/block/block.go:158.46,160.2 1 1
boscoin.io/sebak/lib/block/block.go:162.38,164.2 1 1
boscoin.io/sebak/lib/block/block.go:166.58,168.2 1 1
boscoin.io/sebak/lib/block/block.go:170.52,173.2 2 1
boscoin.io/sebak/lib/block/block.go:175.46,182.2 1 1
boscoin.io/sebak/lib/block/block.go:184.61,189.16 4 1
boscoin.io/sebak/lib/block/block.go:195.2,195.38 1 1
boscoin.io/sebak/lib/block/block.go:199.2,199.64 1 1
boscoin.io/sebak/lib/block/block.go:202.2,202.73 1 1
boscoin.io/sebak/lib/block/block.go:206.2,208.8 2 1
boscoin.io/sebak/lib/block/block.go:189.16,191.3 1 0
boscoin.io/sebak/lib/block/block.go:191.8,191.19 1 1
boscoin.io/sebak/lib/block/block.go:191.19,193.3 1 0
boscoin.io/sebak/lib/block/block.go:195.38,197.3 1 0
boscoin.io/sebak/lib/block/block.go:199.64,201.3 1 0
boscoin.io/sebak/lib/block/block.go:202.73,204.3 1 0
boscoin.io/sebak/lib/block/block.go:211.78,214.2 2 1
boscoin.io/sebak/lib/block/block.go:216.85,219.2 2 0
boscoin.io/sebak/lib/block/block.go:221.84,224.2 2 0
boscoin.io/sebak/lib/block/block.go:226.94,229.2 2 1
boscoin.io/sebak/lib/block/block.go:238.3,240.39 1 1
boscoin.io/sebak/lib/block/block.go:240.39,242.16 2 1
boscoin.io/sebak/lib/block/block.go:246.4,250.18 4 1
boscoin.io/sebak/lib/block/block.go:254.4,254.31 1 1
boscoin.io/sebak/lib/block/block.go:242.16,244.5 1 0
boscoin.io/sebak/lib/block/block.go:250.18,252.5 1 0
boscoin.io/sebak/lib/block/block.go:255.15,257.4 1 1
boscoin.io/sebak/lib/block/block.go:267.3,269.40 1 0
boscoin.io/sebak/lib/block/block.go:269.40,271.16 2 0
boscoin.io/sebak/lib/block/block.go:275.4,279.18 4 0
boscoin.io/sebak/lib/block/block.go:283.4,283.31 1 0
boscoin.io/sebak/lib/block/block.go:271.16,273.5 1 0
boscoin.io/sebak/lib/block/block.go:279.18,281.5 1 0
boscoin.io/sebak/lib/block/block.go:284.15,286.4 1 0
boscoin.io/sebak/lib/block/block.go:292.3,296.2 2 1
boscoin.io/sebak/lib/block/block.go:301.3,305.2 2 0
boscoin.io/sebak/lib/block/block.go:307.88,309.70 2 1
boscoin.io/sebak/lib/block/block.go:313.2,313.27 1 1
boscoin.io/sebak/lib/block/block.go:309.70,311.3 1 0
boscoin.io/sebak/lib/block/block.go:316.95,318.70 2 0
boscoin.io/sebak/lib/block/block.go:322.2,322.33 1 0
boscoin.io/sebak/lib/block/block.go:318.70,320.3 1 0
boscoin.io/sebak/lib/block/block.go:325.70,331.18 4 1
boscoin.io/sebak/lib/block/block.go:336.2,336.8 1 1
boscoin.io/sebak/lib/block/block.go:331.18,334.3 2 0
boscoin.io/sebak/lib/network/memory.go:25.76,27.9 2 0
boscoin.io/sebak/lib/network/memory.go:31.2,31.44 1 0
boscoin.io/sebak/lib/network/memory.go:27.9,28.72 1 0
boscoin.io/sebak/lib/network/memory.go:34.79,36.2 1 0
boscoin.io/sebak/lib/network/memory.go:37.53,39.2 1 0
boscoin.io/sebak/lib/network/memory.go:41.39,47.2 3 0
boscoin.io/sebak/lib/network/memory.go:49.32,51.2 1 0
boscoin.io/sebak/lib/network/memory.go:53.39,55.2 1 0
boscoin.io/sebak/lib/network/memory.go:57.60,59.2 1 0
boscoin.io/sebak/lib/network/memory.go:61.55,63.2 1 0
boscoin.io/sebak/lib/network/memory.go:65.40,67.2 1 0
boscoin.io/sebak/lib/network/memory.go:69.46,72.2 2 0
boscoin.io/sebak/lib/network/memory.go:74.75,78.2 2 0
boscoin.io/sebak/lib/network/memory.go:80.69,82.2 1 0
boscoin.io/sebak/lib/network/memory.go:84.71,86.2 1 0
boscoin.io/sebak/lib/network/memory.go:88.42,89.6 1 0
boscoin.io/sebak/lib/network/memory.go:89.6,90.10 1 0
boscoin.io/sebak/lib/network/memory.go:91.18,92.9 1 0
boscoin.io/sebak/lib/network/memory.go:93.28,94.25 1 0
boscoin.io/sebak/lib/network/memory.go:99.69,101.2 1 0
boscoin.io/sebak/lib/network/memory.go:103.49,105.2 1 0
boscoin.io/sebak/lib/network/memory.go:107.62,109.17 2 0
boscoin.io/sebak/lib/network/memory.go:115.2,125.10 3 0
boscoin.io/sebak/lib/network/memory.go:109.17,111.3 1 0
boscoin.io/sebak/lib/network/memory.go:111.8,113.3 1 0
boscoin.io/sebak/lib/network/memory.go:128.73,130.2 1 0
boscoin.io/sebak/lib/network/memory.go:132.76,134.2 1 0
boscoin.io/sebak/cmd/sebak/cmd/wallet/payment.go:34.13,39.46 1 1
boscoin.io/sebak/cmd/sebak/cmd/wallet/payment.go:149.2,154.130 6 1
boscoin.io/sebak/cmd/sebak/cmd/wallet/payment.go:39.46,48.58 7 0
boscoin.io/sebak/cmd/sebak/cmd/wallet/payment.go:55.4,55.74 1 0
boscoin.io/sebak/cmd/sebak/cmd/wallet/payment.go:58.4,58.55 1 0
boscoin.io/sebak/cmd/sebak/cmd/wallet/payment.go:64.4,64.56 1 0
boscoin.io/sebak/cmd/sebak/cmd/wallet/payment.go:71.4,71.31 1 0
boscoin.io/sebak/cmd/sebak/cmd/wallet/payment.go:75.4,75.70 1 0
boscoin.io/sebak/cmd/sebak/cmd/wallet/payment.go:83.4,88.71 4 0
boscoin.io/sebak/cmd/sebak/cmd/wallet/payment.go:92.4,94.73 2 0
boscoin.io/sebak/cmd/sebak/cmd/wallet/payment.go:99.4,99.27 1 0
boscoin.io/sebak/cmd/sebak/cmd/wallet/payment.go:118.4,118.18 1 0
boscoin.io/sebak/cmd/sebak/cmd/wallet/payment.go:126.4,130.46 3 0
boscoin.io/sebak/cmd/sebak/cmd/wallet/payment.go:133.4,133.24 1 0
boscoin.io/sebak/cmd/sebak/cmd/wallet/payment.go:139.4,139.27 1 0
boscoin.io/sebak/cmd/sebak/cmd/wallet/payment.go:48.58,50.5 1 0
boscoin.io/sebak/cmd/sebak/cmd/wallet/payment.go:50.10,50.68 1 0
boscoin.io/sebak/cmd/sebak/cmd/wallet/payment.go:50.68,52.5 1 0
boscoin.io/sebak/cmd/sebak/cmd/wallet/payment.go:55.74,57.5 1 0
boscoin.io/sebak/cmd/sebak/cmd/wallet/payment.go:58.55,61.5 1 0
boscoin.io/sebak/cmd/sebak/cmd/wallet/payment.go:64.56,66.5 1 0
boscoin.io/sebak/cmd/sebak/cmd/wallet/payment.go:66.10,66.51 1 0
boscoin.io/sebak/cmd/sebak/cmd/wallet/payment.go:66.51,68.5 1 0
boscoin.io/sebak/cmd/sebak/cmd/wallet/payment.go:71.31,73.5 1 0
boscoin.io/sebak/cmd/sebak/cmd/wallet/payment.go:75.70,77.5 1 0
boscoin.io/sebak/cmd/sebak/cmd/wallet/payment.go:88.71,91.5 2 0
boscoin.io/sebak/cmd/sebak/cmd/wallet/payment.go:94.73,97.5 2 0
boscoin.io/sebak/cmd/sebak/cmd/wallet/payment.go:99.27,101.5 1 0
boscoin.io/sebak/cmd/sebak/cmd/wallet/payment.go:104.4,106.19 2 0
boscoin.io/sebak/cmd/sebak/cmd/wallet/payment.go:110.5,110.19 1 0
boscoin.io/sebak/cmd/sebak/cmd/wallet/payment.go:106.19,108.6 1 0
boscoin.io/sebak/cmd/sebak/cmd/wallet/payment.go:110.19,114.6 2 0
boscoin.io/sebak/cmd/sebak/cmd/wallet/payment.go:118.18,120.5 1 0
boscoin.io/sebak/cmd/sebak/cmd/wallet/payment.go:120.10,120.32 1 0
boscoin.io/sebak/cmd/sebak/cmd/wallet/payment.go:120.32,122.5 1 0
boscoin.io/sebak/cmd/sebak/cmd/wallet/payment.go:122.10,124.5 1 0
boscoin.io/sebak/cmd/sebak/cmd/wallet/payment.go:130.46,132.5 1 0
boscoin.io/sebak/cmd/sebak/cmd/wallet/payment.go:133.24,134.58 1 0
boscoin.io/sebak/cmd/sebak/cmd/wallet/payment.go:134.58,137.6 2 0
boscoin.io/sebak/cmd/sebak/cmd/wallet/payment.go:139.27,141.68 2 0
boscoin.io/sebak/cmd/sebak/cmd/wallet/payment.go:141.68,143.6 1 0
boscoin.io/sebak/cmd/sebak/cmd/wallet/payment.go:143.11,145.6 1 0
boscoin.io/sebak/cmd/sebak/cmd/wallet/payment.go:173.150,200.2 5 0
boscoin.io/sebak/cmd/sebak/cmd/wallet/payment.go:217.129,244.2 5 0
boscoin.io/sebak/cmd/sebak/cmd/wallet/payment.go:260.104,266.81 4 0
boscoin.io/sebak/cmd/sebak/cmd/wallet/payment.go:270.2,271.16 2 0
boscoin.io/sebak/cmd/sebak/cmd/wallet/payment.go:266.81,268.3 1 0
boscoin.io/sebak/lib/consensus/voting_policy.go:19.56,21.2 1 1
boscoin.io/sebak/lib/consensus/voting_policy.go:23.66,24.11 1 1
boscoin.io/sebak/lib/consensus/voting_policy.go:28.2,30.12 2 1
boscoin.io/sebak/lib/consensus/voting_policy.go:24.11,26.3 1 0
boscoin.io/sebak/lib/consensus/voting_policy.go:33.55,38.2 3 1
boscoin.io/sebak/lib/consensus/voting_policy.go:40.65,41.11 1 1
boscoin.io/sebak/lib/consensus/voting_policy.go:45.2,50.12 4 1
boscoin.io/sebak/lib/consensus/voting_policy.go:41.11,43.3 1 0
boscoin.io/sebak/lib/consensus/voting_policy.go:53.55,57.19 3 1
boscoin.io/sebak/lib/consensus/voting_policy.go:61.2,61.18 1 1
boscoin.io/sebak/lib/consensus/voting_policy.go:57.19,59.3 1 0
boscoin.io/sebak/lib/consensus/voting_policy.go:64.69,73.2 3 0
boscoin.io/sebak/lib/consensus/voting_policy.go:75.97,76.20 1 1
boscoin.io/sebak/lib/consensus/voting_policy.go:80.2,80.21 1 1
boscoin.io/sebak/lib/consensus/voting_policy.go:85.2,90.8 2 1
boscoin.io/sebak/lib/consensus/voting_policy.go:76.20,79.3 2 0
boscoin.io/sebak/lib/consensus/voting_policy.go:80.21,83.3 2 0
boscoin.io/sebak/lib/network/api/resource/transaction.go:14.62,19.2 2 0
boscoin.io/sebak/lib/network/api/resource/transaction.go:21.41,30.2 1 0
boscoin.io/sebak/lib/network/api/resource/transaction.go:31.47,37.2 4 0
boscoin.io/sebak/lib/network/api/resource/transaction.go:39.40,41.2 1 0
boscoin.io/sebak/lib/node/runner/api_node.go:34.199,43.2 1 1
boscoin.io/sebak/lib/node/runner/api_node.go:45.72,47.2 1 1
boscoin.io/sebak/lib/node/runner/api_node.go:49.111,51.16 2 0
boscoin.io/sebak/lib/node/runner/api_node.go:56.2,56.35 1 0
boscoin.io/sebak/lib/node/runner/api_node.go:51.16,54.3 2 0
boscoin.io/sebak/lib/node/runner/api_node.go:59.105,61.2 1 0
boscoin.io/sebak/lib/node/runner/api_node.go:63.87,65.16 2 1
boscoin.io/sebak/lib/node/runner/api_node.go:69.2,69.44 1 1
boscoin.io/sebak/lib/node/runner/api_node.go:65.16,68.3 2 0
boscoin.io/sebak/lib/node/runner/api_node.go:72.86,76.16 3 1
boscoin.io/sebak/lib/node/runner/api_node.go:81.2,84.16 3 1
boscoin.io/sebak/lib/node/runner/api_node.go:88.2,88.44 1 1
boscoin.io/sebak/lib/node/runner/api_node.go:76.16,79.3 2 0
boscoin.io/sebak/lib/node/runner/api_node.go:84.16,87.3 2 0
boscoin.io/sebak/lib/node/runner/api_node.go:101.86,105.16 3 1
boscoin.io/sebak/lib/node/runner/api_node.go:110.2,122.75 3 1
boscoin.io/sebak/lib/node/runner/api_node.go:105.16,108.3 2 0
boscoin.io/sebak/lib/node/runner/api_node.go:122.75,123.49 1 1
boscoin.io/sebak/lib/node/runner/api_node.go:126.3,127.9 2 1
boscoin.io/sebak/lib/node/runner/api_node.go:123.49,125.4 1 0
boscoin.io/sebak/lib/node/runner/api_node.go:131.85,134.83 2 1
boscoin.io/sebak/lib/node/runner/api_node.go:139.2,140.16 2 1
boscoin.io/sebak/lib/node/runner/api_node.go:145.2,148.8 3 1
boscoin.io/sebak/lib/node/runner/api_node.go:134.83,137.3 2 0
boscoin.io/sebak/lib/node/runner/api_node.go:140.16,143.3 2 0
boscoin.io/sebak/lib/node/runner/api_node.go:151.92,153.40 2 1
boscoin.io/sebak/lib/node/runner/api_node.go:162.2,171.8 3 1
boscoin.io/sebak/lib/node/runner/api_node.go:153.40,155.3 1 1
boscoin.io/sebak/lib/node/runner/api_node.go:155.8,160.3 4 0
boscoin.io/sebak/lib/common/net.go:16.37,17.14 1 0
boscoin.io/sebak/lib/common/net.go:20.2,25.12 2 0
boscoin.io/sebak/lib/common/net.go:17.14,19.3 1 0
boscoin.io/sebak/lib/common/net.go:28.46,29.32 1 0
boscoin.io/sebak/lib/common/net.go:48.2,48.8 1 0
boscoin.io/sebak/lib/common/net.go:29.32,31.30 2 0
boscoin.io/sebak/lib/common/net.go:37.3,37.12 1 0
boscoin.io/sebak/lib/common/net.go:41.3,41.43 1 0
boscoin.io/sebak/lib/common/net.go:44.3,45.8 2 0
boscoin.io/sebak/lib/common/net.go:31.30,32.14 1 0
boscoin.io/sebak/lib/common/net.go:32.14,34.10 2 0
boscoin.io/sebak/lib/common/net.go:37.12,38.12 1 0
boscoin.io/sebak/lib/common/net.go:41.43,42.12 1 0
boscoin.io/sebak/lib/common/net.go:51.38,53.16 2 0
boscoin.io/sebak/lib/common/net.go:57.2,58.63 2 0
boscoin.io/sebak/lib/common/net.go:64.2,64.12 1 0
boscoin.io/sebak/lib/common/net.go:53.16,55.3 1 0
boscoin.io/sebak/lib/common/net.go:58.63,60.3 1 0
boscoin.io/sebak/lib/common/net.go:60.8,60.24 1 0
boscoin.io/sebak/lib/common/net.go:60.24,62.3 1 0
boscoin.io/sebak/lib/common/net.go:69.47,71.2 1 0
boscoin.io/sebak/lib/common/net.go:73.63,75.39 2 0
boscoin.io/sebak/lib/common/net.go:79.2,81.8 3 0
boscoin.io/sebak/lib/common/net.go:75.39,77.3 1 0
boscoin.io/sebak/lib/common/net.go:84.36,90.2 1 1
boscoin.io/sebak/lib/common/net.go:92.39,94.2 1 1
boscoin.io/sebak/lib/common/net.go:96.34,98.2 1 1
boscoin.io/sebak/lib/common/net.go:100.50,102.16 2 1
boscoin.io/sebak/lib/common/net.go:106.2,108.12 2 1
boscoin.io/sebak/lib/common/net.go:102.16,104.3 1 0
boscoin.io/sebak/lib/common/net.go:111.62,114.16 3 1
boscoin.io/sebak/lib/common/net.go:117.2,117.28 1 1
boscoin.io/sebak/lib/common/net.go:122.2,122.57 1 1
boscoin.io/sebak/lib/common/net.go:126.2,126.31 1 1
boscoin.io/sebak/lib/common/net.go:143.2,147.8 3 1
boscoin.io/sebak/lib/common/net.go:114.16,116.3 1 0
boscoin.io/sebak/lib/common/net.go:117.28,120.3 2 0
boscoin.io/sebak/lib/common/net.go:122.57,124.3 1 0
boscoin.io/sebak/lib/common/net.go:126.31,131.64 4 1
boscoin.io/sebak/lib/common/net.go:138.3,138.71 1 1
boscoin.io/sebak/lib/common/net.go:131.64,133.4 1 0
boscoin.io/sebak/lib/common/net.go:133.9,133.25 1 1
boscoin.io/sebak/lib/common/net.go:133.25,136.4 2 0
boscoin.io/sebak/lib/common/net.go:138.71,140.4 1 1
boscoin.io/sebak/lib/common/net.go:150.54,152.18 2 0
boscoin.io/sebak/lib/common/net.go:156.2,166.3 1 0
boscoin.io/sebak/lib/common/net.go:152.18,154.3 1 0
boscoin.io/sebak/lib/node/validator.go:37.37,39.2 1 1
boscoin.io/sebak/lib/node/validator.go:41.40,42.32 1 0
boscoin.io/sebak/lib/node/validator.go:46.2,46.14 1 0
boscoin.io/sebak/lib/node/validator.go:42.32,44.3 1 0
boscoin.io/sebak/lib/node/validator.go:49.35,51.2 1 1
boscoin.io/sebak/lib/node/validator.go:53.34,55.2 1 0
boscoin.io/sebak/lib/node/validator.go:57.31,59.2 1 0
boscoin.io/sebak/lib/node/validator.go:61.36,63.2 1 0
boscoin.io/sebak/lib/node/validator.go:65.38,67.2 1 0
boscoin.io/sebak/lib/node/validator.go:69.38,71.2 1 1
boscoin.io/sebak/lib/node/validator.go:73.36,75.2 1 1
boscoin.io/sebak/lib/node/validator.go:77.49,79.2 1 1
boscoin.io/sebak/lib/node/validator.go:81.51,88.2 1 1
boscoin.io/sebak/lib/node/validator.go:90.51,92.47 2 1
boscoin.io/sebak/lib/node/validator.go:96.2,101.12 5 1
boscoin.io/sebak/lib/node/validator.go:92.47,94.3 1 0
boscoin.io/sebak/lib/node/validator.go:104.49,106.2 1 0
boscoin.io/sebak/lib/node/validator.go:108.102,109.20 1 1
boscoin.io/sebak/lib/node/validator.go:113.2,113.49 1 1
boscoin.io/sebak/lib/node/validator.go:117.2,124.8 2 1
boscoin.io/sebak/lib/node/validator.go:109.20,111.3 1 0
boscoin.io/sebak/lib/node/validator.go:113.49,115.3 1 0
boscoin.io/sebak/lib/node/validator.go:127.59,129.46 2 1
boscoin.io/sebak/lib/node/validator.go:133.2,133.16 1 1
boscoin.io/sebak/lib/node/validator.go:129.46,131.3 1 0
boscoin.io/sebak/lib/node/validator.go:136.70,138.44 2 1
boscoin.io/sebak/lib/node/validator.go:142.2,146.16 3 1
boscoin.io/sebak/lib/node/validator.go:150.2,153.78 3 1
boscoin.io/sebak/lib/node/validator.go:164.2,164.71 1 1
boscoin.io/sebak/lib/node/validator.go:168.2,168.73 1 1
boscoin.io/sebak/lib/node/validator.go:172.2,172.8 1 1
boscoin.io/sebak/lib/node/validator.go:138.44,140.3 1 0
boscoin.io/sebak/lib/node/validator.go:146.16,148.3 1 0
boscoin.io/sebak/lib/node/validator.go:153.78,156.3 2 0
boscoin.io/sebak/lib/node/validator.go:156.8,158.67 2 1
boscoin.io/sebak/lib/node/validator.go:161.3,161.31 1 1
boscoin.io/sebak/lib/node/validator.go:158.67,160.4 1 0
boscoin.io/sebak/lib/node/validator.go:164.71,166.3 1 1
boscoin.io/sebak/lib/node/validator.go:168.73,170.3 1 0
boscoin.io/sebak/lib/consensus/isaac.go:38.75,53.2 2 1
boscoin.io/sebak/lib/consensus/isaac.go:55.103,61.31 4 1
boscoin.io/sebak/lib/consensus/isaac.go:66.2,68.12 3 1
boscoin.io/sebak/lib/consensus/isaac.go:72.2,72.27 1 1
boscoin.io/sebak/lib/consensus/isaac.go:79.2,84.51 3 1
boscoin.io/sebak/lib/consensus/isaac.go:91.2,91.8 1 1
boscoin.io/sebak/lib/consensus/isaac.go:61.31,64.3 2 0
boscoin.io/sebak/lib/consensus/isaac.go:68.12,70.3 1 0
boscoin.io/sebak/lib/consensus/isaac.go:72.27,77.3 3 0
boscoin.io/sebak/lib/consensus/isaac.go:84.51,85.57 1 0
boscoin.io/sebak/lib/consensus/isaac.go:88.3,88.33 1 0
boscoin.io/sebak/lib/consensus/isaac.go:85.57,86.12 1 0
boscoin.io/sebak/lib/consensus/isaac.go:94.52,98.2 3 1
boscoin.io/sebak/lib/consensus/isaac.go:100.52,102.2 1 1
boscoin.io/sebak/lib/consensus/isaac.go:104.58,106.2 1 0
boscoin.io/sebak/lib/consensus/isaac.go:108.64,110.2 1 1
boscoin.io/sebak/lib/consensus/isaac.go:112.80,114.2 1 1
boscoin.io/sebak/lib/consensus/isaac.go:116.59,118.36 1 1
boscoin.io/sebak/lib/consensus/isaac.go:122.2,122.47 1 1
boscoin.io/sebak/lib/consensus/isaac.go:134.2,134.53 1 1
boscoin.io/sebak/lib/consensus/isaac.go:140.2,140.13 1 1
boscoin.io/sebak/lib/consensus/isaac.go:118.36,120.3 1 1
boscoin.io/sebak/lib/consensus/isaac.go:122.47,124.3 1 0
boscoin.io/sebak/lib/consensus/isaac.go:124.8,124.55 1 1
boscoin.io/sebak/lib/consensus/isaac.go:124.55,125.45 1 1
boscoin.io/sebak/lib/consensus/isaac.go:125.45,127.4 1 0
boscoin.io/sebak/lib/consensus/isaac.go:128.9,132.3 0 0
boscoin.io/sebak/lib/consensus/isaac.go:134.53,135.44 1 0
boscoin.io/sebak/lib/consensus/isaac.go:135.44,137.4 1 0
boscoin.io/sebak/lib/consensus/isaac.go:143.48,149.71 5 1
boscoin.io/sebak/lib/consensus/isaac.go:153.2,153.32 1 1
boscoin.io/sebak/lib/consensus/isaac.go:149.71,151.3 1 1
boscoin.io/sebak/lib/consensus/isaac.go:156.64,163.63 6 1
boscoin.io/sebak/lib/consensus/isaac.go:183.2,183.8 1 1
boscoin.io/sebak/lib/consensus/isaac.go:163.63,169.67 2 1
boscoin.io/sebak/lib/consensus/isaac.go:173.3,174.15 2 1
boscoin.io/sebak/lib/consensus/isaac.go:169.67,171.4 1 0
boscoin.io/sebak/lib/consensus/isaac.go:175.8,176.58 1 1
boscoin.io/sebak/lib/consensus/isaac.go:180.3,180.23 1 1
boscoin.io/sebak/lib/consensus/isaac.go:176.58,178.4 1 0
boscoin.io/sebak/lib/consensus/isaac.go:186.97,190.72 4 1
boscoin.io/sebak/lib/consensus/isaac.go:190.72,192.3 1 1
boscoin.io/sebak/lib/consensus/isaac.go:192.8,194.3 1 0
boscoin.io/sebak/lib/consensus/isaac.go:197.76,201.72 4 1
boscoin.io/sebak/lib/consensus/isaac.go:201.72,203.3 1 1
boscoin.io/sebak/lib/consensus/isaac.go:203.8,205.3 1 0
boscoin.io/sebak/lib/consensus/isaac.go:208.57,213.2 4 1
boscoin.io/sebak/lib/consensus/isaac.go:215.56,218.71 3 1
boscoin.io/sebak/lib/consensus/isaac.go:222.2,222.14 1 0
boscoin.io/sebak/lib/consensus/isaac.go:218.71,220.3 1 1
boscoin.io/sebak/lib/consensus/isaac.go:225.44,229.2 3 1
boscoin.io/sebak/lib/consensus/round/round.go:12.31,14.2 1 1
boscoin.io/sebak/lib/block/transaction_history.go:37.111,45.2 1 1
boscoin.io/sebak/lib/block/transaction_history.go:47.56,49.2 1 1
boscoin.io/sebak/lib/block/transaction_history.go:51.75,54.2 2 1
boscoin.io/sebak/lib/block/transaction_history.go:55.81,56.16 1 1
boscoin.io/sebak/lib/block/transaction_history.go:60.2,64.16 4 1
boscoin.io/sebak/lib/block/transaction_history.go:70.2,71.74 2 1
boscoin.io/sebak/lib/block/transaction_history.go:75.2,77.12 2 1
boscoin.io/sebak/lib/block/transaction_history.go:56.16,58.3 1 0
boscoin.io/sebak/lib/block/transaction_history.go:64.16,66.3 1 0
boscoin.io/sebak/lib/block/transaction_history.go:66.8,66.19 1 1
boscoin.io/sebak/lib/block/transaction_history.go:66.19,68.3 1 0
boscoin.io/sebak/lib/block/transaction_history.go:71.74,73.3 1 0
boscoin.io/sebak/lib/block/transaction_history.go:80.114,81.72 1 0
boscoin.io/sebak/lib/block/transaction_history.go:85.2,86.8 2 0
boscoin.io/sebak/lib/block/transaction_history.go:81.72,83.3 1 0
boscoin.io/sebak/lib/block/transaction_history.go:89.91,91.2 1 1
boscoin.io/sebak/lib/network/api/tx_operations.go:17.99,21.16 3 0
boscoin.io/sebak/lib/network/api/tx_operations.go:26.2,27.16 2 0
boscoin.io/sebak/lib/network/api/tx_operations.go:32.2,32.32 1 0
boscoin.io/sebak/lib/network/api/tx_operations.go:43.2,50.58 6 0
boscoin.io/sebak/lib/network/api/tx_operations.go:21.16,24.3 2 0
boscoin.io/sebak/lib/network/api/tx_operations.go:27.16,30.3 2 0
boscoin.io/sebak/lib/network/api/tx_operations.go:32.32,36.26 4 0
boscoin.io/sebak/lib/network/api/tx_operations.go:39.3,40.9 2 0
boscoin.io/sebak/lib/network/api/tx_operations.go:36.26,38.4 1 0
boscoin.io/sebak/lib/network/api/tx_operations.go:50.58,53.3 2 0
boscoin.io/sebak/lib/network/api/tx_operations.go:56.137,58.6 2 0
boscoin.io/sebak/lib/network/api/tx_operations.go:66.2,67.8 2 0
boscoin.io/sebak/lib/network/api/tx_operations.go:58.6,61.15 3 0
boscoin.io/sebak/lib/network/api/tx_operations.go:64.3,64.47 1 0
boscoin.io/sebak/lib/network/api/tx_operations.go:61.15,62.9 1 0
boscoin.io/sebak/lib/common/data.go:5.59,7.2 1 1
boscoin.io/sebak/lib/common/data.go:9.59,10.44 1 0
boscoin.io/sebak/lib/common/data.go:13.2,13.8 1 0
boscoin.io/sebak/lib/common/data.go:10.44,12.3 1 0
boscoin.io/sebak/cmd/sebak/common/util.go:16.70,17.16 1 0
boscoin.io/sebak/cmd/sebak/common/util.go:21.2,23.12 2 0
boscoin.io/sebak/cmd/sebak/common/util.go:17.16,19.3 1 0
boscoin.io/sebak/cmd/sebak/common/util.go:26.48,27.16 1 0
boscoin.io/sebak/cmd/sebak/common/util.go:31.2,33.12 2 0
boscoin.io/sebak/cmd/sebak/common/util.go:27.16,29.3 1 0
boscoin.io/sebak/cmd/sebak/common/util.go:48.65,53.2 4 1
boscoin.io/sebak/lib/network/httputils/http_problem.go:44.59,46.2 1 1
boscoin.io/sebak/lib/network/httputils/http_problem.go:48.43,52.2 3 0
boscoin.io/sebak/lib/network/httputils/http_problem.go:54.66,58.2 3 0
boscoin.io/sebak/lib/network/httputils/http_problem.go:60.53,62.38 2 1
boscoin.io/sebak/lib/network/httputils/http_problem.go:70.2,71.10 2 1
boscoin.io/sebak/lib/network/httputils/http_problem.go:62.38,64.40 2 1
boscoin.io/sebak/lib/network/httputils/http_problem.go:64.40,66.4 1 0
boscoin.io/sebak/lib/network/httputils/http_problem.go:67.8,69.3 1 0
boscoin.io/sebak/lib/network/httputils/http_problem.go:74.55,77.2 2 0
boscoin.io/sebak/lib/network/httputils/http_problem.go:79.48,82.2 2 0
boscoin.io/sebak/lib/network/httputils/http_problem.go:84.51,87.2 2 0
boscoin.io/sebak/lib/network/httputils/http_problem.go:89.42,91.2 1 1
boscoin.io/sebak/lib/node/runner/util.go:11.95,13.81 2 1
boscoin.io/sebak/lib/node/runner/util.go:20.2,20.77 1 1
boscoin.io/sebak/lib/node/runner/util.go:24.2,24.29 1 1
boscoin.io/sebak/lib/node/runner/util.go:29.2,29.8 1 1
boscoin.io/sebak/lib/node/runner/util.go:13.81,15.3 1 0
boscoin.io/sebak/lib/node/runner/util.go:15.8,15.37 1 1
boscoin.io/sebak/lib/node/runner/util.go:15.37,18.3 2 0
boscoin.io/sebak/lib/node/runner/util.go:20.77,22.3 1 0
boscoin.io/sebak/lib/node/runner/util.go:24.29,27.3 2 0
boscoin.io/sebak/lib/node/runner/util.go:32.113,34.53 2 1
boscoin.io/sebak/lib/node/runner/util.go:38.2,39.86 2 1
boscoin.io/sebak/lib/node/runner/util.go:43.2,44.74 2 1
boscoin.io/sebak/lib/node/runner/util.go:47.2,49.80 2 1
boscoin.io/sebak/lib/node/runner/util.go:53.2,53.8 1 1
boscoin.io/sebak/lib/node/runner/util.go:34.53,36.3 1 0
boscoin.io/sebak/lib/node/runner/util.go:39.86,41.3 1 0
boscoin.io/sebak/lib/node/runner/util.go:44.74,46.3 1 0
boscoin.io/sebak/lib/node/runner/util.go:49.80,51.3 1 0
boscoin.io/sebak/lib/node/runner/util.go:56.93,58.2 1 0
boscoin.io/sebak/lib/node/runner/util.go:60.92,62.2 1 1
boscoin.io/sebak/lib/node/runner/util.go:64.87,66.53 2 1
boscoin.io/sebak/lib/node/runner/util.go:70.2,71.73 2 1
boscoin.io/sebak/lib/node/runner/util.go:75.2,76.74 2 1
boscoin.io/sebak/lib/node/runner/util.go:79.2,83.8 3 1
boscoin.io/sebak/lib/node/runner/util.go:66.53,68.3 1 0
boscoin.io/sebak/lib/node/runner/util.go:71.73,73.3 1 0
boscoin.io/sebak/lib/node/runner/util.go:76.74,78.3 1 0
boscoin.io/sebak/lib/transaction/operation/operation.go:35.55,37.20 2 0
boscoin.io/sebak/lib/transaction/operation/operation.go:51.2,56.8 2 0
boscoin.io/sebak/lib/transaction/operation/operation.go:38.21,39.24 1 0
boscoin.io/sebak/lib/transaction/operation/operation.go:40.15,41.18 1 0
boscoin.io/sebak/lib/transaction/operation/operation.go:42.20,43.23 1 0
boscoin.io/sebak/lib/transaction/operation/operation.go:44.17,45.20 1 0
boscoin.io/sebak/lib/transaction/operation/operation.go:46.10,48.9 2 0
boscoin.io/sebak/lib/transaction/operation/operation.go:85.38,87.2 1 1
boscoin.io/sebak/lib/transaction/operation/operation.go:89.44,91.2 1 1
boscoin.io/sebak/lib/transaction/operation/operation.go:93.83,95.2 1 1
boscoin.io/sebak/lib/transaction/operation/operation.go:97.60,99.2 1 0
boscoin.io/sebak/lib/transaction/operation/operation.go:101.36,105.2 2 0
boscoin.io/sebak/lib/transaction/operation/operation.go:112.57,117.46 3 1
boscoin.io/sebak/lib/transaction/operation/operation.go:121.2,124.63 3 1
boscoin.io/sebak/lib/transaction/operation/operation.go:127.2,129.8 2 1
boscoin.io/sebak/lib/transaction/operation/operation.go:117.46,119.3 1 0
boscoin.io/sebak/lib/transaction/operation/operation.go:124.63,126.3 1 0
boscoin.io/sebak/lib/transaction/operation/operation.go:132.74,133.11 1 1
boscoin.io/sebak/lib/transaction/operation/operation.go:175.2,175.8 1 1
boscoin.io/sebak/lib/transaction/operation/operation.go:134.25,136.47 2 1
boscoin.io/sebak/lib/transaction/operation/operation.go:139.3,139.12 1 1
boscoin.io/sebak/lib/transaction/operation/operation.go:140.19,142.47 2 1
boscoin.io/sebak/lib/transaction/operation/operation.go:145.3,145.12 1 1
boscoin.io/sebak/lib/transaction/operation/operation.go:146.26,148.47 2 0
boscoin.io/sebak/lib/transaction/operation/operation.go:151.3,151.12 1 0
boscoin.io/sebak/lib/transaction/operation/operation.go:152.32,154.47 2 0
boscoin.io/sebak/lib/transaction/operation/operation.go:157.3,157.12 1 0
boscoin.io/sebak/lib/transaction/operation/operation.go:158.24,160.47 2 1
boscoin.io/sebak/lib/transaction/operation/operation.go:163.3,163.12 1 1
boscoin.io/sebak/lib/transaction/operation/operation.go:164.21,166.47 2 1
boscoin.io/sebak/lib/transaction/operation/operation.go:169.3,169.12 1 1
boscoin.io/sebak/lib/transaction/operation/operation.go:170.10,172.9 2 0
boscoin.io/sebak/lib/transaction/operation/operation.go:136.47,138.4 1 0
boscoin.io/sebak/lib/transaction/operation/operation.go:142.47,144.4 1 0
boscoin.io/sebak/lib/transaction/operation/operation.go:148.47,150.4 1 0
boscoin.io/sebak/lib/transaction/operation/operation.go:154.47,156.4 1 0
boscoin.io/sebak/lib/transaction/operation/operation.go:160.47,162.4 1 0
boscoin.io/sebak/lib/transaction/operation/operation.go:166.47,168.4 1 0
boscoin.io/sebak/lib/common/hash.go:10.32,14.2 3 1
boscoin.io/sebak/lib/common/hash.go:16.58,18.47 2 1
boscoin.io/sebak/lib/common/hash.go:22.2,24.8 2 1
boscoin.io/sebak/lib/common/hash.go:18.47,20.3 1 0
boscoin.io/sebak/lib/common/hash.go:27.51,30.2 2 1
boscoin.io/sebak/lib/common/hash.go:32.53,35.2 2 1
boscoin.io/sebak/lib/common/hash.go:39.33,43.2 3 0
boscoin.io/sebak/lib/storage/storage.go:29.65,31.39 2 1
boscoin.io/sebak/lib/storage/storage.go:35.2,35.8 1 1
boscoin.io/sebak/lib/storage/storage.go:31.39,33.3 1 0
boscoin.io/sebak/lib/storage/storage.go:40.43,42.2 1 1
boscoin.io/sebak/lib/storage/storage.go:44.59,46.39 2 1
boscoin.io/sebak/lib/storage/storage.go:50.2,50.78 1 1
boscoin.io/sebak/lib/storage/storage.go:55.2,56.8 2 1
boscoin.io/sebak/lib/storage/storage.go:46.39,48.3 1 0
boscoin.io/sebak/lib/storage/storage.go:50.78,53.3 2 0
boscoin.io/sebak/lib/storage/storage.go:59.34,65.2 1 0
boscoin.io/sebak/lib/storage/storage.go:67.37,69.2 1 0
boscoin.io/sebak/lib/storage/storage.go:71.48,73.16 2 0
boscoin.io/sebak/lib/storage/storage.go:77.2,79.12 2 0
boscoin.io/sebak/lib/storage/storage.go:73.16,75.3 1 0
boscoin.io/sebak/lib/storage/storage.go:82.51,85.16 3 0
boscoin.io/sebak/lib/storage/storage.go:88.2,88.28 1 0
boscoin.io/sebak/lib/storage/storage.go:93.2,95.8 2 0
boscoin.io/sebak/lib/storage/storage.go:85.16,87.3 1 0
boscoin.io/sebak/lib/storage/storage.go:88.28,91.3 2 0
boscoin.io/sebak/lib/ballot/ballot.go:20.108,32.27 2 0
boscoin.io/sebak/lib/ballot/ballot.go:36.2,41.8 2 0
boscoin.io/sebak/lib/ballot/ballot.go:32.27,34.3 1 0
boscoin.io/sebak/lib/ballot/ballot.go:44.59,45.48 1 1
boscoin.io/sebak/lib/ballot/ballot.go:49.2,49.8 1 1
boscoin.io/sebak/lib/ballot/ballot.go:45.48,47.3 1 0
boscoin.io/sebak/lib/ballot/ballot.go:52.34,54.2 1 1
boscoin.io/sebak/lib/ballot/ballot.go:56.34,58.2 1 1
boscoin.io/sebak/lib/ballot/ballot.go:60.57,63.2 2 1
boscoin.io/sebak/lib/ballot/ballot.go:65.33,68.2 2 1
boscoin.io/sebak/lib/ballot/ballot.go:70.80,71.61 1 1
boscoin.io/sebak/lib/ballot/ballot.go:75.2,75.27 1 1
boscoin.io/sebak/lib/ballot/ballot.go:81.2,81.8 1 1
boscoin.io/sebak/lib/ballot/ballot.go:71.61,73.3 1 0
boscoin.io/sebak/lib/ballot/ballot.go:75.27,76.68 1 1
boscoin.io/sebak/lib/ballot/ballot.go:76.68,78.4 1 0
boscoin.io/sebak/lib/ballot/ballot.go:84.86,85.44 1 1
boscoin.io/sebak/lib/ballot/ballot.go:90.2,90.26 1 1
boscoin.io/sebak/lib/ballot/ballot.go:95.2,96.69 2 1
boscoin.io/sebak/lib/ballot/ballot.go:99.2,102.61 4 1
boscoin.io/sebak/lib/ballot/ballot.go:107.2,107.49 1 1
boscoin.io/sebak/lib/ballot/ballot.go:111.2,111.8 1 1
boscoin.io/sebak/lib/ballot/ballot.go:85.44,88.3 2 0
boscoin.io/sebak/lib/ballot/ballot.go:90.26,93.3 2 0
boscoin.io/sebak/lib/ballot/ballot.go:96.69,98.3 1 0
boscoin.io/sebak/lib/ballot/ballot.go:102.61,105.3 2 0
boscoin.io/sebak/lib/ballot/ballot.go:107.49,109.3 1 0
boscoin.io/sebak/lib/ballot/ballot.go:114.92,116.85 2 1
boscoin.io/sebak/lib/ballot/ballot.go:120.2,124.77 4 1
boscoin.io/sebak/lib/ballot/ballot.go:129.2,129.90 1 1
boscoin.io/sebak/lib/ballot/ballot.go:133.2,133.51 1 1
boscoin.io/sebak/lib/ballot/ballot.go:137.2,137.8 1 1
boscoin.io/sebak/lib/ballot/ballot.go:116.85,118.3 1 0
boscoin.io/sebak/lib/ballot/ballot.go:124.77,127.3 2 0
boscoin.io/sebak/lib/ballot/ballot.go:129.90,131.3 1 0
boscoin.io/sebak/lib/ballot/ballot.go:133.51,135.3 1 0
boscoin.io/sebak/lib/ballot/ballot.go:140.46,142.2 1 0
boscoin.io/sebak/lib/ballot/ballot.go:144.33,146.2 1 1
boscoin.io/sebak/lib/ballot/ballot.go:148.37,150.2 1 1
boscoin.io/sebak/lib/ballot/ballot.go:152.35,154.2 1 1
boscoin.io/sebak/lib/ballot/ballot.go:156.41,158.2 1 1
boscoin.io/sebak/lib/ballot/ballot.go:160.36,162.2 1 0
boscoin.io/sebak/lib/ballot/ballot.go:164.44,166.2 1 1
boscoin.io/sebak/lib/ballot/ballot.go:168.35,170.2 1 1
boscoin.io/sebak/lib/ballot/ballot.go:172.43,174.2 1 1
boscoin.io/sebak/lib/ballot/ballot.go:176.56,179.2 2 1
boscoin.io/sebak/lib/ballot/ballot.go:181.50,183.2 1 0
boscoin.io/sebak/lib/ballot/ballot.go:185.43,187.2 1 1
boscoin.io/sebak/lib/ballot/ballot.go:189.66,198.2 7 0
boscoin.io/sebak/lib/ballot/ballot.go:200.56,201.69 1 1
boscoin.io/sebak/lib/ballot/ballot.go:205.2,211.8 6 1
boscoin.io/sebak/lib/ballot/ballot.go:201.69,203.3 1 0
boscoin.io/sebak/lib/ballot/ballot.go:214.62,216.64 2 1
boscoin.io/sebak/lib/ballot/ballot.go:219.2,224.8 2 1
boscoin.io/sebak/lib/ballot/ballot.go:216.64,218.3 1 0
boscoin.io/sebak/lib/ballot/ballot.go:227.60,230.53 2 1
boscoin.io/sebak/lib/ballot/ballot.go:233.2,238.8 2 1
boscoin.io/sebak/lib/ballot/ballot.go:230.53,232.3 1 0
boscoin.io/sebak/lib/ballot/ballot.go:241.39,243.2 1 1
boscoin.io/sebak/lib/ballot/ballot.go:245.31,247.2 1 1
boscoin.io/sebak/lib/ballot/ballot.go:249.59,251.2 1 1
boscoin.io/sebak/lib/ballot/ballot.go:255.66,257.2 1 0
boscoin.io/sebak/lib/ballot/ballot.go:282.40,284.2 1 1
boscoin.io/sebak/lib/ballot/ballot.go:286.46,288.2 1 1
boscoin.io/sebak/lib/network/httputils/httputils.go:10.42,11.51 1 1
boscoin.io/sebak/lib/network/httputils/httputils.go:15.2,15.14 1 1
boscoin.io/sebak/lib/network/httputils/httputils.go:11.51,14.3 1 0
boscoin.io/sebak/lib/network/httputils/httputils.go:23.32,24.38 1 1
boscoin.io/sebak/lib/network/httputils/httputils.go:31.2,31.12 1 0
boscoin.io/sebak/lib/network/httputils/httputils.go:24.38,25.42 1 1
boscoin.io/sebak/lib/network/httputils/httputils.go:28.3,28.13 1 1
boscoin.io/sebak/lib/network/httputils/httputils.go:25.42,27.4 1 0
boscoin.io/sebak/lib/network/api/resource/transaction_history.go:14.83,19.2 2 0
boscoin.io/sebak/lib/network/api/resource/transaction_history.go:21.48,29.2 1 0
boscoin.io/sebak/lib/network/api/resource/transaction_history.go:30.54,35.2 4 0
boscoin.io/sebak/lib/network/api/resource/transaction_history.go:37.47,39.2 1 0
boscoin.io/sebak/lib/node/runner/init.go:11.13,13.2 1 1
boscoin.io/sebak/lib/node/runner/init.go:15.61,17.2 1 1
boscoin.io/sebak/cmd/sebak/cmd/key.go:13.13,17.46 1 1
boscoin.io/sebak/cmd/sebak/cmd/key.go:24.2,25.28 2 1
boscoin.io/sebak/cmd/sebak/cmd/key.go:17.46,18.21 1 0
boscoin.io/sebak/cmd/sebak/cmd/key.go:18.21,20.5 1 0
boscoin.io/sebak/lib/common/http2_client.go:19.106,20.15 1 1
boscoin.io/sebak/lib/common/http2_client.go:24.2,37.59 2 1
boscoin.io/sebak/lib/common/http2_client.go:41.2,45.70 1 1
boscoin.io/sebak/lib/common/http2_client.go:52.2,52.8 1 1
boscoin.io/sebak/lib/common/http2_client.go:20.15,22.3 1 1
boscoin.io/sebak/lib/common/http2_client.go:37.59,39.3 1 0
boscoin.io/sebak/lib/common/http2_client.go:45.70,47.5 1 0
boscoin.io/sebak/lib/common/http2_client.go:55.31,57.2 1 0
boscoin.io/sebak/lib/common/http2_client.go:59.97,61.65 2 1
boscoin.io/sebak/lib/common/http2_client.go:64.2,66.54 2 1
boscoin.io/sebak/lib/common/http2_client.go:70.2,70.8 1 1
boscoin.io/sebak/lib/common/http2_client.go:61.65,63.3 1 0
boscoin.io/sebak/lib/common/http2_client.go:66.54,68.3 1 0
boscoin.io/sebak/lib/common/http2_client.go:73.108,75.81 2 1
boscoin.io/sebak/lib/common/http2_client.go:78.2,80.54 2 1
boscoin.io/sebak/lib/common/http2_client.go:83.2,83.8 1 1
boscoin.io/sebak/lib/common/http2_client.go:75.81,77.3 1 0
boscoin.io/sebak/lib/common/http2_client.go:80.54,82.3 1 0
boscoin.io/sebak/lib/common/http2_client.go:93.48,97.2 1 0
boscoin.io/sebak/lib/common/http2_client.go:99.58,100.25 1 0
boscoin.io/sebak/lib/common/http2_client.go:104.2,105.20 2 0
boscoin.io/sebak/lib/common/http2_client.go:100.25,102.3 1 0
boscoin.io/sebak/lib/common/http2_client.go:108.43,113.2 3 0
boscoin.io/sebak/lib/common/http2_client.go:115.81,117.12 2 0
boscoin.io/sebak/lib/common/http2_client.go:129.2,129.8 1 0
boscoin.io/sebak/lib/common/http2_client.go:117.12,118.16 1 0
boscoin.io/sebak/lib/common/http2_client.go:123.3,124.17 2 0
boscoin.io/sebak/lib/common/http2_client.go:118.16,121.4 2 0
boscoin.io/sebak/lib/common/http2_client.go:124.17,126.4 1 0
boscoin.io/sebak/lib/transaction/checker.go:22.69,24.70 2 1
boscoin.io/sebak/lib/transaction/checker.go:29.2,29.8 1 1
boscoin.io/sebak/lib/transaction/checker.go:24.70,27.3 2 0
boscoin.io/sebak/lib/transaction/checker.go:32.82,35.67 2 1
boscoin.io/sebak/lib/transaction/checker.go:40.2,40.8 1 1
boscoin.io/sebak/lib/transaction/checker.go:35.67,38.3 2 0
boscoin.io/sebak/lib/transaction/checker.go:43.73,46.2 1 1
boscoin.io/sebak/lib/transaction/checker.go:48.70,50.68 2 1
boscoin.io/sebak/lib/transaction/checker.go:55.2,55.8 1 1
boscoin.io/sebak/lib/transaction/checker.go:50.68,53.3 2 0
boscoin.io/sebak/lib/transaction/checker.go:58.77,61.47 2 1
boscoin.io/sebak/lib/transaction/checker.go:66.2,66.54 1 1
boscoin.io/sebak/lib/transaction/checker.go:73.2,73.8 1 1
boscoin.io/sebak/lib/transaction/checker.go:61.47,64.3 2 0
boscoin.io/sebak/lib/transaction/checker.go:66.54,67.70 1 1
boscoin.io/sebak/lib/transaction/checker.go:67.70,70.4 2 0
boscoin.io/sebak/lib/transaction/checker.go:76.73,80.54 3 1
boscoin.io/sebak/lib/transaction/checker.go:101.2,101.8 1 1
boscoin.io/sebak/lib/transaction/checker.go:80.54,81.46 1 1
boscoin.io/sebak/lib/transaction/checker.go:81.46,82.59 1 1
boscoin.io/sebak/lib/transaction/checker.go:86.4,86.74 1 1
boscoin.io/sebak/lib/transaction/checker.go:91.4,92.58 2 1
boscoin.io/sebak/lib/transaction/checker.go:97.4,97.30 1 1
boscoin.io/sebak/lib/transaction/checker.go:82.59,85.5 2 0
boscoin.io/sebak/lib/transaction/checker.go:86.74,88.5 1 0
boscoin.io/sebak/lib/transaction/checker.go:92.58,95.5 2 0
boscoin.io/sebak/lib/transaction/checker.go:104.78,108.71 3 1
boscoin.io/sebak/lib/transaction/checker.go:111.2,115.16 2 1
boscoin.io/sebak/lib/transaction/checker.go:118.2,118.8 1 1
boscoin.io/sebak/lib/transaction/checker.go:108.71,110.3 1 0
boscoin.io/sebak/lib/transaction/checker.go:115.16,117.3 1 0
boscoin.io/sebak/lib/ballot/proposer_transaction.go:21.111,24.16 3 0
boscoin.io/sebak/lib/ballot/proposer_transaction.go:27.2,32.8 4 0
boscoin.io/sebak/lib/ballot/proposer_transaction.go:24.16,26.3 1 0
boscoin.io/sebak/lib/ballot/proposer_transaction.go:35.138,39.25 3 0
boscoin.io/sebak/lib/ballot/proposer_transaction.go:43.2,51.8 2 0
boscoin.io/sebak/lib/ballot/proposer_transaction.go:39.25,41.3 1 0
boscoin.io/sebak/lib/ballot/proposer_transaction.go:54.130,58.73 3 0
boscoin.io/sebak/lib/ballot/proposer_transaction.go:62.2,71.8 2 0
boscoin.io/sebak/lib/ballot/proposer_transaction.go:58.73,60.3 1 0
boscoin.io/sebak/lib/ballot/proposer_transaction.go:74.141,78.2 3 0
boscoin.io/sebak/lib/ballot/proposer_transaction.go:92.2,94.8 2 0
boscoin.io/sebak/lib/ballot/proposer_transaction.go:78.2,79.56 1 0
boscoin.io/sebak/lib/ballot/proposer_transaction.go:82.3,82.24 1 0
boscoin.io/sebak/lib/ballot/proposer_transaction.go:79.56,81.4 1 0
boscoin.io/sebak/lib/ballot/proposer_transaction.go:85.2,86.56 1 0
boscoin.io/sebak/lib/ballot/proposer_transaction.go:89.3,89.24 1 0
boscoin.io/sebak/lib/ballot/proposer_transaction.go:86.56,88.4 1 0
boscoin.io/sebak/lib/ballot/proposer_transaction.go:107.93,108.43 1 1
boscoin.io/sebak/lib/ballot/proposer_transaction.go:112.2,118.75 2 1
boscoin.io/sebak/lib/ballot/proposer_transaction.go:122.2,122.8 1 1
boscoin.io/sebak/lib/ballot/proposer_transaction.go:108.43,110.3 1 0
boscoin.io/sebak/lib/ballot/proposer_transaction.go:118.75,120.3 1 0
boscoin.io/sebak/lib/ballot/proposer_transaction.go:125.115,126.34 1 1
boscoin.io/sebak/lib/ballot/proposer_transaction.go:131.2,131.55 1 1
boscoin.io/sebak/lib/ballot/proposer_transaction.go:135.2,136.2 2 1
boscoin.io/sebak/lib/ballot/proposer_transaction.go:191.2,191.8 1 1
boscoin.io/sebak/lib/ballot/proposer_transaction.go:126.34,129.3 2 0
boscoin.io/sebak/lib/ballot/proposer_transaction.go:131.55,133.3 1 0
boscoin.io/sebak/lib/ballot/proposer_transaction.go:136.2,138.70 2 1
boscoin.io/sebak/lib/ballot/proposer_transaction.go:142.3,142.50 1 1
boscoin.io/sebak/lib/ballot/proposer_transaction.go:147.3,147.40 1 1
boscoin.io/sebak/lib/ballot/proposer_transaction.go:151.3,151.36 1 1
boscoin.io/sebak/lib/ballot/proposer_transaction.go:155.3,155.34 1 1
boscoin.io/sebak/lib/ballot/proposer_transaction.go:160.3,160.34 1 1
boscoin.io/sebak/lib/ballot/proposer_transaction.go:138.70,140.4 1 0
boscoin.io/sebak/lib/ballot/proposer_transaction.go:142.50,145.4 2 0
boscoin.io/sebak/lib/ballot/proposer_transaction.go:147.40,150.4 2 0
boscoin.io/sebak/lib/ballot/proposer_transaction.go:151.36,154.4 2 0
boscoin.io/sebak/lib/ballot/proposer_transaction.go:155.34,158.4 2 0
boscoin.io/sebak/lib/ballot/proposer_transaction.go:160.34,161.23 1 0
boscoin.io/sebak/lib/ballot/proposer_transaction.go:161.23,164.5 2 0
boscoin.io/sebak/lib/ballot/proposer_transaction.go:165.9,165.28 1 1
boscoin.io/sebak/lib/ballot/proposer_transaction.go:165.28,168.4 2 0
boscoin.io/sebak/lib/ballot/proposer_transaction.go:171.2,173.67 2 1
boscoin.io/sebak/lib/ballot/proposer_transaction.go:177.3,177.40 1 1
boscoin.io/sebak/lib/ballot/proposer_transaction.go:181.3,181.36 1 1
boscoin.io/sebak/lib/ballot/proposer_transaction.go:185.3,185.34 1 1
boscoin.io/sebak/lib/ballot/proposer_transaction.go:173.67,175.4 1 0
boscoin.io/sebak/lib/ballot/proposer_transaction.go:177.40,180.4 2 0
boscoin.io/sebak/lib/ballot/proposer_transaction.go:181.36,184.4 2 0
boscoin.io/sebak/lib/ballot/proposer_transaction.go:185.34,188.4 2 0
boscoin.io/sebak/lib/ballot/proposer_transaction.go:194.85,196.36 2 1
boscoin.io/sebak/lib/ballot/proposer_transaction.go:207.2,207.12 1 1
boscoin.io/sebak/lib/ballot/proposer_transaction.go:212.2,212.8 1 1
boscoin.io/sebak/lib/ballot/proposer_transaction.go:196.36,197.22 1 1
boscoin.io/sebak/lib/ballot/proposer_transaction.go:198.31,201.9 3 1
boscoin.io/sebak/lib/ballot/proposer_transaction.go:202.11,203.12 1 1
boscoin.io/sebak/lib/ballot/proposer_transaction.go:207.12,210.3 2 0
boscoin.io/sebak/lib/ballot/proposer_transaction.go:215.79,217.36 2 1
boscoin.io/sebak/lib/ballot/proposer_transaction.go:228.2,228.12 1 1
boscoin.io/sebak/lib/ballot/proposer_transaction.go:233.2,233.8 1 1
boscoin.io/sebak/lib/ballot/proposer_transaction.go:217.36,218.22 1 1
boscoin.io/sebak/lib/ballot/proposer_transaction.go:219.28,222.9 3 1
boscoin.io/sebak/lib/ballot/proposer_transaction.go:223.11,224.12 1 1
boscoin.io/sebak/lib/ballot/proposer_transaction.go:228.12,231.3 2 0
boscoin.io/sebak/lib/ballot/proposer_transaction.go:236.61,238.46 2 1
boscoin.io/sebak/lib/ballot/proposer_transaction.go:241.2,245.12 3 1
boscoin.io/sebak/lib/ballot/proposer_transaction.go:238.46,240.3 1 0
boscoin.io/sebak/lib/ballot/proposer_transaction.go:248.85,250.36 2 1
boscoin.io/sebak/lib/ballot/proposer_transaction.go:255.2,255.8 1 1
boscoin.io/sebak/lib/ballot/proposer_transaction.go:250.36,253.3 2 0
boscoin.io/sebak/lib/ballot/proposer_transaction.go:258.96,261.48 2 1
boscoin.io/sebak/lib/ballot/proposer_transaction.go:266.2,267.54 2 1
boscoin.io/sebak/lib/ballot/proposer_transaction.go:280.2,280.8 1 1
boscoin.io/sebak/lib/ballot/proposer_transaction.go:261.48,264.3 2 0
boscoin.io/sebak/lib/ballot/proposer_transaction.go:267.54,268.62 1 1
boscoin.io/sebak/lib/ballot/proposer_transaction.go:272.3,272.77 1 1
boscoin.io/sebak/lib/ballot/proposer_transaction.go:277.3,277.53 1 1
boscoin.io/sebak/lib/ballot/proposer_transaction.go:268.62,271.4 2 0
boscoin.io/sebak/lib/ballot/proposer_transaction.go:272.77,275.4 2 0
boscoin.io/sebak/lib/transaction/operation/congress_voting_result.go:28.71,30.2 1 0
boscoin.io/sebak/lib/transaction/operation/congress_voting_result.go:31.79,32.35 1 0
boscoin.io/sebak/lib/transaction/operation/congress_voting_result.go:36.2,36.40 1 0
boscoin.io/sebak/lib/transaction/operation/congress_voting_result.go:42.2,42.29 1 0
boscoin.io/sebak/lib/transaction/operation/congress_voting_result.go:46.2,46.34 1 0
boscoin.io/sebak/lib/transaction/operation/congress_voting_result.go:52.2,52.61 1 0
boscoin.io/sebak/lib/transaction/operation/congress_voting_result.go:56.2,56.8 1 0
boscoin.io/sebak/lib/transaction/operation/congress_voting_result.go:32.35,34.3 1 0
boscoin.io/sebak/lib/transaction/operation/congress_voting_result.go:36.40,37.41 1 0
boscoin.io/sebak/lib/transaction/operation/congress_voting_result.go:37.41,39.4 1 0
boscoin.io/sebak/lib/transaction/operation/congress_voting_result.go:42.29,44.3 1 0
boscoin.io/sebak/lib/transaction/operation/congress_voting_result.go:46.34,47.41 1 0
[...]
boscoin.io/sebak/lib/node/queue.go:11.33,15.2 3 0
boscoin.io/sebak/lib/node/queue.go:17.27,19.2 1 0
boscoin.io/sebak/lib/network/generate_key.go:30.30,31.53 1 0
boscoin.io/sebak/lib/network/generate_key.go:35.2,36.16 2 0
boscoin.io/sebak/lib/network/generate_key.go:31.53,33.3 1 0
boscoin.io/sebak/lib/network/generate_key.go:36.16,38.20 2 0
boscoin.io/sebak/lib/network/generate_key.go:41.3,41.74 1 0
boscoin.io/sebak/lib/network/generate_key.go:38.20,40.4 1 0
boscoin.io/sebak/lib/network/generate_key.go:45.71,52.65 5 0
boscoin.io/sebak/lib/network/generate_key.go:56.2,56.10 1 0
boscoin.io/sebak/lib/network/generate_key.go:52.65,54.3 1 0
boscoin.io/sebak/lib/network/generate_key.go:59.45,61.2 1 0
boscoin.io/sebak/lib/network/generate_key.go:63.44,65.2 1 0
boscoin.io/sebak/lib/network/generate_key.go:67.32,70.46 3 0
boscoin.io/sebak/lib/network/generate_key.go:70.46,72.3 1 0
boscoin.io/sebak/lib/network/generate_key.go:75.53,76.33 1 0
boscoin.io/sebak/lib/network/generate_key.go:80.2,81.16 2 0
boscoin.io/sebak/lib/network/generate_key.go:85.2,90.16 5 0
boscoin.io/sebak/lib/network/generate_key.go:94.2,112.16 6 0
boscoin.io/sebak/lib/network/generate_key.go:116.2,117.16 2 0
boscoin.io/sebak/lib/network/generate_key.go:120.2,124.16 4 0
boscoin.io/sebak/lib/network/generate_key.go:128.2,130.16 3 0
boscoin.io/sebak/lib/network/generate_key.go:76.33,78.3 1 0
boscoin.io/sebak/lib/network/generate_key.go:81.16,83.3 1 0
boscoin.io/sebak/lib/network/generate_key.go:90.16,92.3 1 0
boscoin.io/sebak/lib/network/generate_key.go:112.16,114.3 1 0
boscoin.io/sebak/lib/network/generate_key.go:117.16,119.3 1 0
boscoin.io/sebak/lib/network/generate_key.go:124.16,127.3 2 0
boscoin.io/sebak/lib/node/runner/isaac_state_manager.go:30.82,41.27 1 1
boscoin.io/sebak/lib/node/runner/isaac_state_manager.go:45.2,47.16 3 1
boscoin.io/sebak/lib/node/runner/isaac_state_manager.go:50.2,52.10 2 1
boscoin.io/sebak/lib/node/runner/isaac_state_manager.go:41.28,41.29 0 1
boscoin.io/sebak/lib/node/runner/isaac_state_manager.go:47.16,48.13 1 0
boscoin.io/sebak/lib/node/runner/isaac_state_manager.go:55.51,76.2 6 1
boscoin.io/sebak/lib/node/runner/isaac_state_manager.go:78.54,81.2 2 1
boscoin.io/sebak/lib/node/runner/isaac_state_manager.go:83.85,88.17 4 1
boscoin.io/sebak/lib/node/runner/isaac_state_manager.go:88.17,90.3 1 0
boscoin.io/sebak/lib/node/runner/isaac_state_manager.go:90.8,92.3 1 1
boscoin.io/sebak/lib/node/runner/isaac_state_manager.go:95.91,99.21 3 1
boscoin.io/sebak/lib/node/runner/isaac_state_manager.go:112.2,112.25 1 1
boscoin.io/sebak/lib/node/runner/isaac_state_manager.go:115.2,115.24 1 1
boscoin.io/sebak/lib/node/runner/isaac_state_manager.go:99.21,100.29 1 0
boscoin.io/sebak/lib/node/runner/isaac_state_manager.go:100.29,102.4 1 0
boscoin.io/sebak/lib/node/runner/isaac_state_manager.go:102.9,104.4 1 0
boscoin.io/sebak/lib/node/runner/isaac_state_manager.go:105.8,106.29 1 1
boscoin.io/sebak/lib/node/runner/isaac_state_manager.go:106.29,108.4 1 0
boscoin.io/sebak/lib/node/runner/isaac_state_manager.go:108.9,110.4 1 1
boscoin.io/sebak/lib/node/runner/isaac_state_manager.go:112.25,114.3 1 0
boscoin.io/sebak/lib/node/runner/isaac_state_manager.go:118.57,122.2 3 0
boscoin.io/sebak/lib/node/runner/isaac_state_manager.go:124.103,135.29 5 1
boscoin.io/sebak/lib/node/runner/isaac_state_manager.go:135.29,136.13 1 1
boscoin.io/sebak/lib/node/runner/isaac_state_manager.go:136.13,138.4 1 1
boscoin.io/sebak/lib/node/runner/isaac_state_manager.go:142.46,146.2 3 0
boscoin.io/sebak/lib/node/runner/isaac_state_manager.go:148.43,152.2 3 1
boscoin.io/sebak/lib/node/runner/isaac_state_manager.go:157.38,159.12 2 1
boscoin.io/sebak/lib/node/runner/isaac_state_manager.go:159.12,161.7 2 1
boscoin.io/sebak/lib/node/runner/isaac_state_manager.go:161.7,162.11 1 1
boscoin.io/sebak/lib/node/runner/isaac_state_manager.go:163.19,165.53 2 0
boscoin.io/sebak/lib/node/runner/isaac_state_manager.go:170.5,173.23 4 0
boscoin.io/sebak/lib/node/runner/isaac_state_manager.go:175.36,176.30 1 1
boscoin.io/sebak/lib/node/runner/isaac_state_manager.go:197.19,198.11 1 0
boscoin.io/sebak/lib/node/runner/isaac_state_manager.go:165.53,168.11 3 0
boscoin.io/sebak/lib/node/runner/isaac_state_manager.go:177.27,178.36 1 1
boscoin.io/sebak/lib/node/runner/isaac_state_manager.go:179.27,182.38 3 1
boscoin.io/sebak/lib/node/runner/isaac_state_manager.go:183.29,186.40 3 1
boscoin.io/sebak/lib/node/runner/isaac_state_manager.go:187.33,191.21 4 1
boscoin.io/sebak/lib/node/runner/isaac_state_manager.go:192.27,194.56 2 0
boscoin.io/sebak/lib/node/runner/isaac_state_manager.go:204.81,229.2 14 0
boscoin.io/sebak/lib/node/runner/isaac_state_manager.go:231.80,232.15 1 0
boscoin.io/sebak/lib/node/runner/isaac_state_manager.go:233.24,234.35 1 0
boscoin.io/sebak/lib/node/runner/isaac_state_manager.go:235.24,236.35 1 0
boscoin.io/sebak/lib/node/runner/isaac_state_manager.go:237.26,238.37 1 0
boscoin.io/sebak/lib/node/runner/isaac_state_manager.go:245.91,250.43 4 1
boscoin.io/sebak/lib/node/runner/isaac_state_manager.go:261.2,262.20 2 1
boscoin.io/sebak/lib/node/runner/isaac_state_manager.go:250.43,252.64 2 1
boscoin.io/sebak/lib/node/runner/isaac_state_manager.go:257.3,257.35 1 0
boscoin.io/sebak/lib/node/runner/isaac_state_manager.go:252.64,254.4 1 0
boscoin.io/sebak/lib/node/runner/isaac_state_manager.go:254.9,256.4 1 0
boscoin.io/sebak/lib/node/runner/isaac_state_manager.go:258.8,260.3 1 1
boscoin.io/sebak/lib/node/runner/isaac_state_manager.go:265.59,269.2 3 1
boscoin.io/sebak/lib/node/runner/isaac_state_manager.go:271.67,278.2 5 1
boscoin.io/sebak/lib/node/runner/isaac_state_manager.go:280.71,287.2 5 0
boscoin.io/sebak/lib/node/runner/isaac_state_manager.go:289.37,290.12 1 1
boscoin.io/sebak/lib/node/runner/isaac_state_manager.go:290.12,292.3 1 1
boscoin.io/sebak/lib/network/validator_connection_manager.go:34.21,35.41 1 1
boscoin.io/sebak/lib/network/validator_connection_manager.go:38.2,51.11 3 1
boscoin.io/sebak/lib/network/validator_connection_manager.go:35.41,36.28 1 0
boscoin.io/sebak/lib/network/validator_connection_manager.go:54.62,56.2 1 0
boscoin.io/sebak/lib/network/validator_connection_manager.go:58.91,64.8 5 1
boscoin.io/sebak/lib/network/validator_connection_manager.go:68.2,69.48 2 1
boscoin.io/sebak/lib/network/validator_connection_manager.go:73.2,74.19 2 1
boscoin.io/sebak/lib/network/validator_connection_manager.go:78.2,78.8 1 1
boscoin.io/sebak/lib/network/validator_connection_manager.go:64.8,66.3 1 1
boscoin.io/sebak/lib/network/validator_connection_manager.go:69.48,71.3 1 0
boscoin.io/sebak/lib/network/validator_connection_manager.go:74.19,76.3 1 1
boscoin.io/sebak/lib/network/validator_connection_manager.go:81.46,83.33 2 1
boscoin.io/sebak/lib/network/validator_connection_manager.go:83.33,84.43 1 1
boscoin.io/sebak/lib/network/validator_connection_manager.go:87.3,87.30 1 1
boscoin.io/sebak/lib/network/validator_connection_manager.go:84.43,85.12 1 1
boscoin.io/sebak/lib/network/validator_connection_manager.go:93.91,102.2 6 1
boscoin.io/sebak/lib/network/validator_connection_manager.go:104.62,108.48 4 1
boscoin.io/sebak/lib/network/validator_connection_manager.go:115.2,115.18 1 1
boscoin.io/sebak/lib/network/validator_connection_manager.go:108.48,109.19 1 1
boscoin.io/sebak/lib/network/validator_connection_manager.go:112.3,112.41 1 1
boscoin.io/sebak/lib/network/validator_connection_manager.go:109.19,110.12 1 0
boscoin.io/sebak/lib/network/validator_connection_manager.go:120.63,122.36 2 1
boscoin.io/sebak/lib/network/validator_connection_manager.go:125.2,125.19 1 1
boscoin.io/sebak/lib/network/validator_connection_manager.go:122.36,124.3 1 1
boscoin.io/sebak/lib/network/validator_connection_manager.go:132.59,136.2 3 0
boscoin.io/sebak/lib/network/validator_connection_manager.go:138.67,140.42 2 1
boscoin.io/sebak/lib/network/validator_connection_manager.go:145.2,145.14 1 1
boscoin.io/sebak/lib/network/validator_connection_manager.go:140.42,141.18 1 1
boscoin.io/sebak/lib/network/validator_connection_manager.go:141.18,143.4 1 1
boscoin.io/sebak/lib/network/validator_connection_manager.go:148.77,150.25 2 1
boscoin.io/sebak/lib/network/validator_connection_manager.go:162.2,162.8 1 0
boscoin.io/sebak/lib/network/validator_connection_manager.go:150.25,153.36 2 1
boscoin.io/sebak/lib/network/validator_connection_manager.go:153.36,154.18 1 1
boscoin.io/sebak/lib/network/validator_connection_manager.go:154.18,156.5 1 1
boscoin.io/sebak/lib/network/validator_connection_manager.go:156.10,158.5 1 0
boscoin.io/sebak/lib/network/validator_connection_manager.go:165.86,170.16 4 1
boscoin.io/sebak/lib/network/validator_connection_manager.go:175.2,177.16 3 1
boscoin.io/sebak/lib/network/validator_connection_manager.go:180.2,180.40 1 1
boscoin.io/sebak/lib/network/validator_connection_manager.go:185.2,185.8 1 1
boscoin.io/sebak/lib/network/validator_connection_manager.go:170.16,172.3 1 0
boscoin.io/sebak/lib/network/validator_connection_manager.go:177.16,179.3 1 0
boscoin.io/sebak/lib/network/validator_connection_manager.go:180.40,183.3 2 0
boscoin.io/sebak/lib/network/validator_connection_manager.go:188.104,190.2 1 1
boscoin.io/sebak/lib/network/validator_connection_manager.go:192.72,195.43 3 1
boscoin.io/sebak/lib/network/validator_connection_manager.go:216.2,216.8 1 1
boscoin.io/sebak/lib/network/validator_connection_manager.go:195.43,196.16 1 1
boscoin.io/sebak/lib/network/validator_connection_manager.go:196.16,197.31 1 1
boscoin.io/sebak/lib/network/validator_connection_manager.go:197.31,202.50 4 1
boscoin.io/sebak/lib/network/validator_connection_manager.go:210.5,210.19 1 1
boscoin.io/sebak/lib/network/validator_connection_manager.go:202.50,204.6 1 1
boscoin.io/sebak/lib/network/validator_connection_manager.go:204.11,204.70 1 1
boscoin.io/sebak/lib/network/validator_connection_manager.go:204.70,206.6 1 1
boscoin.io/sebak/lib/network/validator_connection_manager.go:206.11,207.30 1 0
boscoin.io/sebak/lib/network/validator_connection_manager.go:210.19,212.6 1 1
boscoin.io/sebak/lib/consensus/isaac_state.go:17.53,18.31 1 1
boscoin.io/sebak/lib/consensus/isaac_state.go:21.2,21.29 1 1
boscoin.io/sebak/lib/consensus/isaac_state.go:24.2,24.43 1 1
boscoin.io/sebak/lib/consensus/isaac_state.go:18.31,20.3 1 1
boscoin.io/sebak/lib/consensus/isaac_state.go:21.29,23.3 1 0
boscoin.io/sebak/lib/block/transaction.go:46.158,48.37 2 1
boscoin.io/sebak/lib/block/transaction.go:52.2,69.3 1 1
boscoin.io/sebak/lib/block/transaction.go:48.37,50.3 1 1
boscoin.io/sebak/lib/block/transaction.go:72.66,80.2 1 1
boscoin.io/sebak/lib/block/transaction.go:82.69,88.2 1 1
boscoin.io/sebak/lib/block/transaction.go:90.90,98.2 1 1
boscoin.io/sebak/lib/block/transaction.go:100.78,108.2 1 1
boscoin.io/sebak/lib/block/transaction.go:110.74,111.16 1 1
boscoin.io/sebak/lib/block/transaction.go:115.2,118.53 3 1
boscoin.io/sebak/lib/block/transaction.go:125.2,125.67 1 1
boscoin.io/sebak/lib/block/transaction.go:128.2,128.74 1 1
boscoin.io/sebak/lib/block/transaction.go:131.2,131.77 1 1
boscoin.io/sebak/lib/block/transaction.go:134.2,134.86 1 1
boscoin.io/sebak/lib/block/transaction.go:137.2,137.83 1 1
boscoin.io/sebak/lib/block/transaction.go:140.2,140.49 1 1
boscoin.io/sebak/lib/block/transaction.go:156.2,162.12 6 1
boscoin.io/sebak/lib/block/transaction.go:111.16,113.3 1 0
boscoin.io/sebak/lib/block/transaction.go:118.53,119.13 1 0
boscoin.io/sebak/lib/block/transaction.go:122.3,122.9 1 0
boscoin.io/sebak/lib/block/transaction.go:119.13,121.4 1 0
boscoin.io/sebak/lib/block/transaction.go:125.67,127.3 1 0
boscoin.io/sebak/lib/block/transaction.go:128.74,130.3 1 0
boscoin.io/sebak/lib/block/transaction.go:131.77,133.3 1 0
boscoin.io/sebak/lib/block/transaction.go:134.86,136.3 1 0
boscoin.io/sebak/lib/block/transaction.go:137.83,139.3 1 0
boscoin.io/sebak/lib/block/transaction.go:140.49,143.17 3 1
boscoin.io/sebak/lib/block/transaction.go:146.3,146.36 1 1
boscoin.io/sebak/lib/block/transaction.go:149.3,149.46 1 1
boscoin.io/sebak/lib/block/transaction.go:143.17,145.4 1 0
boscoin.io/sebak/lib/block/transaction.go:146.36,148.4 1 0
boscoin.io/sebak/lib/block/transaction.go:149.46,151.85 2 1
boscoin.io/sebak/lib/block/transaction.go:151.85,153.5 1 0
boscoin.io/sebak/lib/block/transaction.go:165.68,168.2 2 1
boscoin.io/sebak/lib/block/transaction.go:170.44,173.2 2 0
boscoin.io/sebak/lib/block/transaction.go:175.66,177.2 1 0
boscoin.io/sebak/lib/block/transaction.go:179.63,181.2 1 1
boscoin.io/sebak/lib/block/transaction.go:183.69,185.2 1 1
boscoin.io/sebak/lib/block/transaction.go:187.72,189.2 1 1
boscoin.io/sebak/lib/block/transaction.go:191.60,193.2 1 1
boscoin.io/sebak/lib/block/transaction.go:195.49,197.2 1 1
boscoin.io/sebak/lib/block/transaction.go:199.100,200.65 1 1
boscoin.io/sebak/lib/block/transaction.go:204.2,205.8 2 1
boscoin.io/sebak/lib/block/transaction.go:200.65,202.3 1 0
boscoin.io/sebak/lib/block/transaction.go:208.84,210.2 1 1
boscoin.io/sebak/lib/block/transaction.go:219.3,221.50 1 0
boscoin.io/sebak/lib/block/transaction.go:221.50,223.16 2 0
boscoin.io/sebak/lib/block/transaction.go:227.4,231.18 4 0
boscoin.io/sebak/lib/block/transaction.go:235.4,235.32 1 0
boscoin.io/sebak/lib/block/transaction.go:223.16,225.5 1 0
boscoin.io/sebak/lib/block/transaction.go:231.18,233.5 1 0
boscoin.io/sebak/lib/block/transaction.go:236.15,238.4 1 0
boscoin.io/sebak/lib/block/transaction.go:244.3,248.2 2 0
boscoin.io/sebak/lib/block/transaction.go:253.3,257.2 2 0
boscoin.io/sebak/lib/block/transaction.go:262.3,265.2 2 0
boscoin.io/sebak/lib/block/transaction.go:270.3,273.2 2 0
boscoin.io/sebak/lib/node/runner/checker_ballot_transaction.go:29.84,30.44 1 1
boscoin.io/sebak/lib/node/runner/checker_ballot_transaction.go:38.2,38.8 1 1
boscoin.io/sebak/lib/node/runner/checker_ballot_transaction.go:30.44,31.60 1 1
boscoin.io/sebak/lib/node/runner/checker_ballot_transaction.go:35.3,35.36 1 0
boscoin.io/sebak/lib/node/runner/checker_ballot_transaction.go:31.60,32.12 1 1
boscoin.io/sebak/lib/node/runner/checker_ballot_transaction.go:41.80,45.30 3 1
boscoin.io/sebak/lib/node/runner/checker_ballot_transaction.go:49.2,49.8 1 1
boscoin.io/sebak/lib/node/runner/checker_ballot_transaction.go:45.30,47.3 1 1
boscoin.io/sebak/lib/node/runner/checker_ballot_transaction.go:54.63,58.44 3 1
boscoin.io/sebak/lib/node/runner/checker_ballot_transaction.go:71.2,74.8 3 1
boscoin.io/sebak/lib/node/runner/checker_ballot_transaction.go:58.44,61.105 2 1
boscoin.io/sebak/lib/node/runner/checker_ballot_transaction.go:68.3,68.54 1 1
boscoin.io/sebak/lib/node/runner/checker_ballot_transaction.go:61.105,62.38 1 0
boscoin.io/sebak/lib/node/runner/checker_ballot_transaction.go:66.4,66.12 1 0
boscoin.io/sebak/lib/node/runner/checker_ballot_transaction.go:62.38,65.5 2 0
boscoin.io/sebak/lib/node/runner/checker_ballot_transaction.go:79.81,83.49 3 1
boscoin.io/sebak/lib/node/runner/checker_ballot_transaction.go:90.2,92.8 2 1
boscoin.io/sebak/lib/node/runner/checker_ballot_transaction.go:83.49,84.64 1 1
boscoin.io/sebak/lib/node/runner/checker_ballot_transaction.go:87.3,87.54 1 1
boscoin.io/sebak/lib/node/runner/checker_ballot_transaction.go:84.64,85.12 1 0
boscoin.io/sebak/lib/node/runner/checker_ballot_transaction.go:97.86,102.49 4 1
boscoin.io/sebak/lib/node/runner/checker_ballot_transaction.go:115.2,118.8 3 1
boscoin.io/sebak/lib/node/runner/checker_ballot_transaction.go:102.49,104.63 2 1
boscoin.io/sebak/lib/node/runner/checker_ballot_transaction.go:112.3,113.54 2 1
boscoin.io/sebak/lib/node/runner/checker_ballot_transaction.go:104.63,105.38 1 0
boscoin.io/sebak/lib/node/runner/checker_ballot_transaction.go:109.4,109.12 1 0
boscoin.io/sebak/lib/node/runner/checker_ballot_transaction.go:105.38,108.5 2 0
boscoin.io/sebak/lib/node/runner/checker_ballot_transaction.go:122.87,126.49 3 1
boscoin.io/sebak/lib/node/runner/checker_ballot_transaction.go:138.2,141.8 3 1
boscoin.io/sebak/lib/node/runner/checker_ballot_transaction.go:126.49,129.69 2 1
boscoin.io/sebak/lib/node/runner/checker_ballot_transaction.go:135.3,135.54 1 1
boscoin.io/sebak/lib/node/runner/checker_ballot_transaction.go:129.69,130.38 1 0
boscoin.io/sebak/lib/node/runner/checker_ballot_transaction.go:133.4,133.12 1 0
boscoin.io/sebak/lib/node/runner/checker_ballot_transaction.go:130.38,132.5 1 0
boscoin.io/sebak/lib/node/runner/checker_ballot_transaction.go:147.101,151.80 3 1
boscoin.io/sebak/lib/node/runner/checker_ballot_transaction.go:157.2,157.45 1 1
boscoin.io/sebak/lib/node/runner/checker_ballot_transaction.go:178.2,178.8 1 1
boscoin.io/sebak/lib/node/runner/checker_ballot_transaction.go:151.80,153.3 1 0
boscoin.io/sebak/lib/node/runner/checker_ballot_transaction.go:157.45,158.22 1 0
boscoin.io/sebak/lib/node/runner/checker_ballot_transaction.go:158.22,161.4 2 0
boscoin.io/sebak/lib/node/runner/checker_ballot_transaction.go:162.8,164.45 2 1
boscoin.io/sebak/lib/node/runner/checker_ballot_transaction.go:172.3,172.24 1 1
boscoin.io/sebak/lib/node/runner/checker_ballot_transaction.go:164.45,165.85 1 1
boscoin.io/sebak/lib/node/runner/checker_ballot_transaction.go:165.85,168.5 2 0
boscoin.io/sebak/lib/node/runner/checker_ballot_transaction.go:168.10,170.5 1 1
boscoin.io/sebak/lib/node/runner/checker_ballot_transaction.go:172.24,175.4 2 0
boscoin.io/sebak/lib/node/runner/checker_ballot_transaction.go:182.84,185.44 2 1
boscoin.io/sebak/lib/node/runner/checker_ballot_transaction.go:191.2,191.8 1 1
boscoin.io/sebak/lib/node/runner/checker_ballot_transaction.go:185.44,187.3 1 0
boscoin.io/sebak/lib/node/runner/checker_ballot_transaction.go:187.8,189.3 1 1
boscoin.io/sebak/lib/node/runner/checker_ballot_transaction.go:212.85,215.66 2 1
boscoin.io/sebak/lib/node/runner/checker_ballot_transaction.go:221.2,221.42 1 1
boscoin.io/sebak/lib/node/runner/checker_ballot_transaction.go:227.2,229.16 3 1
boscoin.io/sebak/lib/node/runner/checker_ballot_transaction.go:233.2,236.31 2 1
boscoin.io/sebak/lib/node/runner/checker_ballot_transaction.go:241.2,241.37 1 1
boscoin.io/sebak/lib/node/runner/checker_ballot_transaction.go:247.2,247.8 1 1
boscoin.io/sebak/lib/node/runner/checker_ballot_transaction.go:215.66,218.3 2 0
boscoin.io/sebak/lib/node/runner/checker_ballot_transaction.go:221.42,224.3 2 0
boscoin.io/sebak/lib/node/runner/checker_ballot_transaction.go:229.16,231.3 1 0
boscoin.io/sebak/lib/node/runner/checker_ballot_transaction.go:236.31,239.3 2 0
boscoin.io/sebak/lib/node/runner/checker_ballot_transaction.go:241.37,242.47 1 1
boscoin.io/sebak/lib/node/runner/checker_ballot_transaction.go:242.47,244.4 1 0
boscoin.io/sebak/lib/node/runner/checker_ballot_transaction.go:262.109,263.19 1 1
boscoin.io/sebak/lib/node/runner/checker_ballot_transaction.go:314.2,314.8 1 1
boscoin.io/sebak/lib/node/runner/checker_ballot_transaction.go:264.35,267.55 3 1
boscoin.io/sebak/lib/node/runner/checker_ballot_transaction.go:271.3,272.110 2 1
boscoin.io/sebak/lib/node/runner/checker_ballot_transaction.go:277.3,277.62 1 1
boscoin.io/sebak/lib/node/runner/checker_ballot_transaction.go:280.29,283.49 3 1
boscoin.io/sebak/lib/node/runner/checker_ballot_transaction.go:287.3,288.75 2 1
boscoin.io/sebak/lib/node/runner/checker_ballot_transaction.go:293.3,293.28 1 1
boscoin.io/sebak/lib/node/runner/checker_ballot_transaction.go:298.3,298.26 1 1
boscoin.io/sebak/lib/node/runner/checker_ballot_transaction.go:306.72,308.9 1 0
boscoin.io/sebak/lib/node/runner/checker_ballot_transaction.go:310.10,312.9 2 0
boscoin.io/sebak/lib/node/runner/checker_ballot_transaction.go:267.55,270.4 2 0
boscoin.io/sebak/lib/node/runner/checker_ballot_transaction.go:272.110,275.4 2 0
boscoin.io/sebak/lib/node/runner/checker_ballot_transaction.go:277.62,279.4 1 0
boscoin.io/sebak/lib/node/runner/checker_ballot_transaction.go:283.49,286.4 2 0
boscoin.io/sebak/lib/node/runner/checker_ballot_transaction.go:288.75,291.4 2 0
boscoin.io/sebak/lib/node/runner/checker_ballot_transaction.go:293.28,296.4 2 0
boscoin.io/sebak/lib/node/runner/checker_ballot_transaction.go:298.26,301.33 3 0
boscoin.io/sebak/lib/node/runner/checker_ballot_transaction.go:301.33,304.5 2 0
